This is pdfTeX, Version 3.14159265-2.6-1.40.16 (TeX Live 2015/Debian) (preloaded format=pdflatex 2018.10.15)  24 FEB 2019 16:22
entering extended mode
 restricted \write18 enabled.
 %&-line parsing enabled.
**main.tex
(./main.tex
LaTeX2e <2016/02/01>
Babel <3.9q> and hyphenation patterns for 5 language(s) loaded.
(/usr/share/texlive/texmf-dist/tex/latex/base/article.cls
Document Class: article 2014/09/29 v1.4h Standard LaTeX document class
(/usr/share/texlive/texmf-dist/tex/latex/base/size10.clo
File: size10.clo 2014/09/29 v1.4h Standard LaTeX file (size option)
)
\c@part=\count79
\c@section=\count80
\c@subsection=\count81
\c@subsubsection=\count82
\c@paragraph=\count83
\c@subparagraph=\count84
\c@figure=\count85
\c@table=\count86
\abovecaptionskip=\skip41
\belowcaptionskip=\skip42
\bibindent=\dimen102
)
(/usr/share/texlive/texmf-dist/tex/latex/etoolbox/etoolbox.sty
Package: etoolbox 2015/08/02 v2.2a e-TeX tools for LaTeX (JAW)
\etb@tempcnta=\count87
)
(./aistats2019.sty
Package: aistats2019 
 (/usr/share/texlive/texmf-dist/tex/latex/amsmath/amsmath.sty
Package: amsmath 2016/03/03 v2.15a AMS math features
\@mathmargin=\skip43
For additional information on amsmath, use the `?' option.
(/usr/share/texlive/texmf-dist/tex/latex/amsmath/amstext.sty
Package: amstext 2000/06/29 v2.01 AMS text

(/usr/share/texlive/texmf-dist/tex/latex/amsmath/amsgen.sty
File: amsgen.sty 1999/11/30 v2.0 generic functions
\@emptytoks=\toks14
\ex@=\dimen103
))
(/usr/share/texlive/texmf-dist/tex/latex/amsmath/amsbsy.sty
Package: amsbsy 1999/11/29 v1.2d Bold Symbols
\pmbraise@=\dimen104
)
(/usr/share/texlive/texmf-dist/tex/latex/amsmath/amsopn.sty
Package: amsopn 1999/12/14 v2.01 operator names
)
\inf@bad=\count88
LaTeX Info: Redefining \frac on input line 199.
\uproot@=\count89
\leftroot@=\count90
LaTeX Info: Redefining \overline on input line 297.
\classnum@=\count91
\DOTSCASE@=\count92
LaTeX Info: Redefining \ldots on input line 394.
LaTeX Info: Redefining \dots on input line 397.
LaTeX Info: Redefining \cdots on input line 518.
\Mathstrutbox@=\box26
\strutbox@=\box27
\big@size=\dimen105
LaTeX Font Info:    Redeclaring font encoding OML on input line 630.
LaTeX Font Info:    Redeclaring font encoding OMS on input line 631.
\macc@depth=\count93
\c@MaxMatrixCols=\count94
\dotsspace@=\muskip10
\c@parentequation=\count95
\dspbrk@lvl=\count96
\tag@help=\toks15
\row@=\count97
\column@=\count98
\maxfields@=\count99
\andhelp@=\toks16
\eqnshift@=\dimen106
\alignsep@=\dimen107
\tagshift@=\dimen108
\tagwidth@=\dimen109
\totwidth@=\dimen110
\lineht@=\dimen111
\@envbody=\toks17
\multlinegap=\skip44
\multlinetaggap=\skip45
\mathdisplay@stack=\toks18
LaTeX Info: Redefining \[ on input line 2735.
LaTeX Info: Redefining \] on input line 2736.
)
\titlebox=\skip46

(/usr/share/texlive/texmf-dist/tex/latex/fancyhdr/fancyhdr.sty
\fancy@headwidth=\skip47
\f@ncyO@elh=\skip48
\f@ncyO@erh=\skip49
\f@ncyO@olh=\skip50
\f@ncyO@orh=\skip51
\f@ncyO@elf=\skip52
\f@ncyO@erf=\skip53
\f@ncyO@olf=\skip54
\f@ncyO@orf=\skip55
)
\titrun=\box28
\autrun=\box29
)
(/usr/share/texlive/texmf-dist/tex/latex/microtype/microtype.sty
Package: microtype 2013/05/23 v2.5a Micro-typographical refinements (RS)

(/usr/share/texlive/texmf-dist/tex/latex/graphics/keyval.sty
Package: keyval 2014/10/28 v1.15 key=value parser (DPC)
\KV@toks@=\toks19
)
\MT@toks=\toks20
\MT@count=\count100
LaTeX Info: Redefining \textls on input line 766.
\MT@outer@kern=\dimen112
LaTeX Info: Redefining \textmicrotypecontext on input line 1285.
\MT@listname@count=\count101

(/usr/share/texlive/texmf-dist/tex/latex/microtype/microtype-pdftex.def
File: microtype-pdftex.def 2013/05/23 v2.5a Definitions specific to pdftex (RS)

LaTeX Info: Redefining \lsstyle on input line 915.
LaTeX Info: Redefining \lslig on input line 915.
\MT@outer@space=\skip56
)
Package microtype Info: Loading configuration file microtype.cfg.

(/usr/share/texlive/texmf-dist/tex/latex/microtype/microtype.cfg
File: microtype.cfg 2013/05/23 v2.5a microtype main configuration file (RS)
))
(/usr/share/texlive/texmf-dist/tex/latex/graphics/graphicx.sty
Package: graphicx 2014/10/28 v1.0g Enhanced LaTeX Graphics (DPC,SPQR)

(/usr/share/texlive/texmf-dist/tex/latex/graphics/graphics.sty
Package: graphics 2016/01/03 v1.0q Standard LaTeX Graphics (DPC,SPQR)

(/usr/share/texlive/texmf-dist/tex/latex/graphics/trig.sty
Package: trig 2016/01/03 v1.10 sin cos tan (DPC)
)
(/usr/share/texlive/texmf-dist/tex/latex/latexconfig/graphics.cfg
File: graphics.cfg 2010/04/23 v1.9 graphics configuration of TeX Live
)
Package graphics Info: Driver file: pdftex.def on input line 95.

(/usr/share/texlive/texmf-dist/tex/latex/pdftex-def/pdftex.def
File: pdftex.def 2011/05/27 v0.06d Graphics/color for pdfTeX

(/usr/share/texlive/texmf-dist/tex/generic/oberdiek/infwarerr.sty
Package: infwarerr 2010/04/08 v1.3 Providing info/warning/error messages (HO)
)
(/usr/share/texlive/texmf-dist/tex/generic/oberdiek/ltxcmds.sty
Package: ltxcmds 2011/11/09 v1.22 LaTeX kernel commands for general use (HO)
)
\Gread@gobject=\count102
))
\Gin@req@height=\dimen113
\Gin@req@width=\dimen114
)
(/usr/share/texlive/texmf-dist/tex/latex/subfigure/subfigure.sty
Package: subfigure 2002/03/15 v2.1.5 subfigure package
\subfigtopskip=\skip57
\subfigcapskip=\skip58
\subfigcaptopadj=\dimen115
\subfigbottomskip=\skip59
\subfigcapmargin=\dimen116
\subfiglabelskip=\skip60
\c@subfigure=\count103
\c@lofdepth=\count104
\c@subtable=\count105
\c@lotdepth=\count106

****************************************
* Local config file subfigure.cfg used *
****************************************
(/usr/share/texlive/texmf-dist/tex/latex/subfigure/subfigure.cfg)
\subfig@top=\skip61
\subfig@bottom=\skip62
)
(/usr/share/texlive/texmf-dist/tex/latex/booktabs/booktabs.sty
Package: booktabs 2005/04/14 v1.61803 publication quality tables
\heavyrulewidth=\dimen117
\lightrulewidth=\dimen118
\cmidrulewidth=\dimen119
\belowrulesep=\dimen120
\belowbottomsep=\dimen121
\aboverulesep=\dimen122
\abovetopsep=\dimen123
\cmidrulesep=\dimen124
\cmidrulekern=\dimen125
\defaultaddspace=\dimen126
\@cmidla=\count107
\@cmidlb=\count108
\@aboverulesep=\dimen127
\@belowrulesep=\dimen128
\@thisruleclass=\count109
\@lastruleclass=\count110
\@thisrulewidth=\dimen129
)
(/usr/share/texlive/texmf-dist/tex/latex/siunitx/siunitx.sty
(/usr/share/texlive/texmf-dist/tex/latex/l3kernel/expl3.sty
Package: expl3 2016/01/19 v6377 L3 programming layer (loader) 

(/usr/share/texlive/texmf-dist/tex/latex/l3kernel/expl3-code.tex
Package: expl3 2016/01/19 v6377 L3 programming layer (code)
L3 Module: l3bootstrap 2016/01/01 v6339 L3 Bootstrap code
L3 Module: l3names 2015/12/21 v6328 L3 Namespace for primitives
L3 Module: l3basics 2015/11/22 v6315 L3 Basic definitions
L3 Module: l3expan 2015/09/10 v5983 L3 Argument expansion
L3 Module: l3tl 2015/09/29 v6121 L3 Token lists
L3 Module: l3str 2016/01/03 v6357 L3 Strings
L3 Module: l3seq 2015/08/05 v5777 L3 Sequences and stacks
L3 Module: l3int 2016/01/05 v6366 L3 Integers
\c_max_int=\count111
\l_tmpa_int=\count112
\l_tmpb_int=\count113
\g_tmpa_int=\count114
\g_tmpb_int=\count115
L3 Module: l3quark 2015/08/17 v5855 L3 Quarks
L3 Module: l3prg 2015/11/01 v6216 L3 Control structures
\g__prg_map_int=\count116
L3 Module: l3clist 2015/09/02 v5901 L3 Comma separated lists
L3 Module: l3token 2015/11/11 v6249 L3 Experimental token manipulation
L3 Module: l3prop 2016/01/05 v6366 L3 Property lists
L3 Module: l3msg 2015/09/28 v6113 L3 Messages
L3 Module: l3file 2015/12/03 v6317 L3 File and I/O operations
\l_iow_line_count_int=\count117
\l__iow_target_count_int=\count118
\l__iow_current_line_int=\count119
\l__iow_current_word_int=\count120
\l__iow_current_indentation_int=\count121
L3 Module: l3skip 2016/01/05 v6366 L3 Dimensions and skips
\c_zero_dim=\dimen130
\c_max_dim=\dimen131
\l_tmpa_dim=\dimen132
\l_tmpb_dim=\dimen133
\g_tmpa_dim=\dimen134
\g_tmpb_dim=\dimen135
\c_zero_skip=\skip63
\c_max_skip=\skip64
\l_tmpa_skip=\skip65
\l_tmpb_skip=\skip66
\g_tmpa_skip=\skip67
\g_tmpb_skip=\skip68
\c_zero_muskip=\muskip11
\c_max_muskip=\muskip12
\l_tmpa_muskip=\muskip13
\l_tmpb_muskip=\muskip14
\g_tmpa_muskip=\muskip15
\g_tmpb_muskip=\muskip16
L3 Module: l3keys 2015/11/17 v6284 L3 Key-value interfaces
\g__keyval_level_int=\count122
\l_keys_choice_int=\count123
L3 Module: l3fp 2015/08/25 v5890 L3 Floating points
\c__fp_leading_shift_int=\count124
\c__fp_middle_shift_int=\count125
\c__fp_trailing_shift_int=\count126
\c__fp_big_leading_shift_int=\count127
\c__fp_big_middle_shift_int=\count128
\c__fp_big_trailing_shift_int=\count129
\c__fp_Bigg_leading_shift_int=\count130
\c__fp_Bigg_middle_shift_int=\count131
\c__fp_Bigg_trailing_shift_int=\count132
L3 Module: l3box 2015/08/09 v5822 L3 Experimental boxes
\c_empty_box=\box30
\l_tmpa_box=\box31
\l_tmpb_box=\box32
\g_tmpa_box=\box33
\g_tmpb_box=\box34
L3 Module: l3coffins 2015/08/06 v5789 L3 Coffin code layer
\l__coffin_internal_box=\box35
\l__coffin_internal_dim=\dimen136
\l__coffin_offset_x_dim=\dimen137
\l__coffin_offset_y_dim=\dimen138
\l__coffin_x_dim=\dimen139
\l__coffin_y_dim=\dimen140
\l__coffin_x_prime_dim=\dimen141
\l__coffin_y_prime_dim=\dimen142
\c_empty_coffin=\box36
\l__coffin_aligned_coffin=\box37
\l__coffin_aligned_internal_coffin=\box38
\l_tmpa_coffin=\box39
\l_tmpb_coffin=\box40
\l__coffin_display_coffin=\box41
\l__coffin_display_coord_coffin=\box42
\l__coffin_display_pole_coffin=\box43
\l__coffin_display_offset_dim=\dimen143
\l__coffin_display_x_dim=\dimen144
\l__coffin_display_y_dim=\dimen145
L3 Module: l3color 2014/08/23 v5354 L3 Experimental color support
L3 Module: l3sys 2015/09/25 v6087 L3 Experimental system/runtime functions
L3 Module: l3candidates 2016/01/14 v6376 L3 Experimental additions to l3kernel
\l__box_top_dim=\dimen146
\l__box_bottom_dim=\dimen147
\l__box_left_dim=\dimen148
\l__box_right_dim=\dimen149
\l__box_top_new_dim=\dimen150
\l__box_bottom_new_dim=\dimen151
\l__box_left_new_dim=\dimen152
\l__box_right_new_dim=\dimen153
\l__box_internal_box=\box44
\l__coffin_bounding_shift_dim=\dimen154
\l__coffin_left_corner_dim=\dimen155
\l__coffin_right_corner_dim=\dimen156
\l__coffin_bottom_corner_dim=\dimen157
\l__coffin_top_corner_dim=\dimen158
\l__coffin_scaled_total_height_dim=\dimen159
\l__coffin_scaled_width_dim=\dimen160
L3 Module: l3luatex 2015/11/11 v6250 L3 Experimental LuaTeX-specific functions
)
(/usr/share/texlive/texmf-dist/tex/latex/l3kernel/l3pdfmode.def
File: l3pdfmode.def 2015/11/11 v6250 L3 Experimental driver: PDF mode
\l__driver_color_stack_int=\count133
))
(/usr/share/texlive/texmf-dist/tex/latex/l3packages/xparse/xparse.sty
Package: xparse 2016/01/19 v6377 L3 Experimental document command parser
\l__xparse_current_arg_int=\count134
\l__xparse_m_args_int=\count135
\l__xparse_mandatory_args_int=\count136
\l__xparse_processor_int=\count137
\l__xparse_v_nesting_int=\count138
)
Package: siunitx 2016/03/01 v2.6q A comprehensive (SI) units package

(/usr/share/texlive/texmf-dist/tex/latex/tools/array.sty
Package: array 2014/10/28 v2.4c Tabular extension package (FMi)
\col@sep=\dimen161
\extrarowheight=\dimen162
\NC@list=\toks21
\extratabsurround=\skip69
\backup@length=\skip70
)
(/usr/share/texlive/texmf-dist/tex/latex/l3packages/l3keys2e/l3keys2e.sty
Package: l3keys2e 2016/01/19 v6377 LaTeX2e option processing using LaTeX3 keys
)
\l__siunitx_tmp_box=\box45
\l__siunitx_tmp_dim=\dimen163
\l__siunitx_tmp_int=\count139
\l__siunitx_number_mantissa_length_int=\count140
\l__siunitx_number_uncert_length_int=\count141
\l__siunitx_round_int=\count142
\l__siunitx_process_decimal_int=\count143
\l__siunitx_process_uncertainty_int=\count144
\l__siunitx_process_fixed_int=\count145
\l__siunitx_process_integer_min_int=\count146
\l__siunitx_process_precision_int=\count147
\l__siunitx_group_min_int=\count148
\l__siunitx_angle_marker_box=\box46
\l__siunitx_angle_unit_box=\box47
\l__siunitx_angle_marker_dim=\dimen164
\l__siunitx_angle_unit_dim=\dimen165
\l__siunitx_unit_int=\count149
\l__siunitx_unit_denominator_int=\count150
\l__siunitx_unit_numerator_int=\count151
\l__siunitx_unit_prefix_int=\count152
\l__siunitx_unit_prefix_base_int=\count153
\l__siunitx_unit_prefix_gram_int=\count154
\l__siunitx_number_product_int=\count155
\c__siunitx_one_fill_skip=\skip71
\l__siunitx_table_unit_align_skip=\skip72
\l__siunitx_table_exponent_dim=\dimen166
\l__siunitx_table_integer_dim=\dimen167
\l__siunitx_table_mantissa_dim=\dimen168
\l__siunitx_table_marker_dim=\dimen169
\l__siunitx_table_result_dim=\dimen170
\l__siunitx_table_uncert_dim=\dimen171
\l__siunitx_table_fill_pre_dim=\dimen172
\l__siunitx_table_fill_post_dim=\dimen173
\l__siunitx_table_fill_mid_dim=\dimen174
\l__siunitx_table_pre_box=\box48
\l__siunitx_table_post_box=\box49
\l__siunitx_table_mantissa_box=\box50
\l__siunitx_table_result_box=\box51
\l__siunitx_table_number_align_skip=\skip73
\l__siunitx_table_text_align_skip=\skip74
.................................................
. LaTeX info: "xparse/define-command"
. 
. Defining command \DeclareBinaryPrefix with sig. 'mmm' on line 7218.
.................................................
.................................................
. LaTeX info: "xparse/define-command"
. 
. Defining command \DeclareSIPostPower with sig. 'mm' on line 7221.
.................................................
.................................................
. LaTeX info: "xparse/define-command"
. 
. Defining command \DeclareSIPrefix with sig. 'mmm' on line 7224.
.................................................
.................................................
. LaTeX info: "xparse/define-command"
. 
. Defining command \DeclareSIPrePower with sig. 'mm' on line 7227.
.................................................
.................................................
. LaTeX info: "xparse/define-command"
. 
. Defining command \DeclareSIQualifier with sig. 'mm' on line 7230.
.................................................
.................................................
. LaTeX info: "xparse/define-command"
. 
. Defining command \DeclareSIUnit with sig. 'O{}mm' on line 7233.
.................................................
.................................................
. LaTeX info: "xparse/define-command"
. 
. Defining command \DeclareSIUnitWithOptions with sig. 'mmm' on line 7236.
.................................................
.................................................
. LaTeX info: "xparse/define-command"
. 
. Defining command \ang with sig. 'o>{\SplitArgument {2}{;}}m' on line 7251.
.................................................
.................................................
. LaTeX info: "xparse/define-command"
. 
. Defining command \num with sig. 'om' on line 7260.
.................................................
.................................................
. LaTeX info: "xparse/define-command"
. 
. Defining command \numlist with sig. 'o>{\SplitList {;}}m' on line 7269.
.................................................
.................................................
. LaTeX info: "xparse/define-command"
. 
. Defining command \numrange with sig. 'omm' on line 7278.
.................................................
.................................................
. LaTeX info: "xparse/define-command"
. 
. Defining command \SIlist with sig. 'o>{\SplitList {;}}mm' on line 7290.
.................................................
.................................................
. LaTeX info: "xparse/define-command"
. 
. Defining command \SIrange with sig. 'ommm' on line 7302.
.................................................
.................................................
. LaTeX info: "xparse/define-command"
. 
. Defining command \SI with sig. 'omom' on line 7314.
.................................................
.................................................
. LaTeX info: "xparse/define-command"
. 
. Defining command \sisetup with sig. 'm' on line 7317.
.................................................
.................................................
. LaTeX info: "xparse/define-command"
. 
. Defining command \tablenum with sig. 'om' on line 7332.
.................................................
.................................................
. LaTeX info: "xparse/define-command"
. 
. Defining command \si with sig. 'om' on line 7344.
.................................................
.................................................
. LaTeX info: "xparse/define-command"
. 
. Defining command \__siunitx_bookmark_num:w with sig. 'om' on line 7391.
.................................................
.................................................
. LaTeX info: "xparse/define-command"
. 
. Defining command \__siunitx_bookmark_numrange:w with sig. 'omm' on line
. 7393.
.................................................
.................................................
. LaTeX info: "xparse/define-command"
. 
. Defining command \__siunitx_bookmark_SI:w with sig. 'omom' on line 7395.
.................................................
.................................................
. LaTeX info: "xparse/define-command"
. 
. Defining command \__siunitx_bookmark_SIlist:w with sig. 'omm' on line 7397.
.................................................
.................................................
. LaTeX info: "xparse/define-command"
. 
. Defining command \__siunitx_bookmark_SIrange:w with sig. 'ommm' on line
. 7399.
.................................................
.................................................
. LaTeX info: "xparse/define-command"
. 
. Defining command \__siunitx_bookmark_si:w with sig. 'om' on line 7400.
.................................................
\g__file_internal_ior=\read1

(/usr/share/texlive/texmf-dist/tex/latex/beamer/translator/translator.sty
Package: translator 2010/06/12 ver 1.10

(/usr/share/texlive/texmf-dist/tex/latex/beamer/translator/translator-language-
mappings.tex))) (/usr/share/texlive/texmf-dist/tex/latex/hyperref/hyperref.sty
Package: hyperref 2012/11/06 v6.83m Hypertext links for LaTeX

(/usr/share/texlive/texmf-dist/tex/generic/oberdiek/hobsub-hyperref.sty
Package: hobsub-hyperref 2012/05/28 v1.13 Bundle oberdiek, subset hyperref (HO)


(/usr/share/texlive/texmf-dist/tex/generic/oberdiek/hobsub-generic.sty
Package: hobsub-generic 2012/05/28 v1.13 Bundle oberdiek, subset generic (HO)
Package: hobsub 2012/05/28 v1.13 Construct package bundles (HO)
Package hobsub Info: Skipping package `infwarerr' (already loaded).
Package hobsub Info: Skipping package `ltxcmds' (already loaded).
Package: ifluatex 2010/03/01 v1.3 Provides the ifluatex switch (HO)
Package ifluatex Info: LuaTeX not detected.
Package: ifvtex 2010/03/01 v1.5 Detect VTeX and its facilities (HO)
Package ifvtex Info: VTeX not detected.
Package: intcalc 2007/09/27 v1.1 Expandable calculations with integers (HO)
Package: ifpdf 2011/01/30 v2.3 Provides the ifpdf switch (HO)
Package ifpdf Info: pdfTeX in PDF mode is detected.
Package: etexcmds 2011/02/16 v1.5 Avoid name clashes with e-TeX commands (HO)
Package etexcmds Info: Could not find \expanded.
(etexcmds)             That can mean that you are not using pdfTeX 1.50 or
(etexcmds)             that some package has redefined \expanded.
(etexcmds)             In the latter case, load this package earlier.
Package: kvsetkeys 2012/04/25 v1.16 Key value parser (HO)
Package: kvdefinekeys 2011/04/07 v1.3 Define keys (HO)
Package: pdftexcmds 2011/11/29 v0.20 Utility functions of pdfTeX for LuaTeX (HO
)
Package pdftexcmds Info: LuaTeX not detected.
Package pdftexcmds Info: \pdf@primitive is available.
Package pdftexcmds Info: \pdf@ifprimitive is available.
Package pdftexcmds Info: \pdfdraftmode found.
Package: pdfescape 2011/11/25 v1.13 Implements pdfTeX's escape features (HO)
Package: bigintcalc 2012/04/08 v1.3 Expandable calculations on big integers (HO
)
Package: bitset 2011/01/30 v1.1 Handle bit-vector datatype (HO)
Package: uniquecounter 2011/01/30 v1.2 Provide unlimited unique counter (HO)
)
Package hobsub Info: Skipping package `hobsub' (already loaded).
Package: letltxmacro 2010/09/02 v1.4 Let assignment for LaTeX macros (HO)
Package: hopatch 2012/05/28 v1.2 Wrapper for package hooks (HO)
Package: xcolor-patch 2011/01/30 xcolor patch
Package: atveryend 2011/06/30 v1.8 Hooks at the very end of document (HO)
Package: atbegshi 2011/10/05 v1.16 At begin shipout hook (HO)
Package: refcount 2011/10/16 v3.4 Data extraction from label references (HO)
Package: hycolor 2011/01/30 v1.7 Color options for hyperref/bookmark (HO)
)
(/usr/share/texlive/texmf-dist/tex/generic/ifxetex/ifxetex.sty
Package: ifxetex 2010/09/12 v0.6 Provides ifxetex conditional
)
(/usr/share/texlive/texmf-dist/tex/latex/oberdiek/auxhook.sty
Package: auxhook 2011/03/04 v1.3 Hooks for auxiliary files (HO)
)
(/usr/share/texlive/texmf-dist/tex/latex/oberdiek/kvoptions.sty
Package: kvoptions 2011/06/30 v3.11 Key value format for package options (HO)
)
\@linkdim=\dimen175
\Hy@linkcounter=\count156
\Hy@pagecounter=\count157

(/usr/share/texlive/texmf-dist/tex/latex/hyperref/pd1enc.def
File: pd1enc.def 2012/11/06 v6.83m Hyperref: PDFDocEncoding definition (HO)
)
\Hy@SavedSpaceFactor=\count158

(/usr/share/texlive/texmf-dist/tex/latex/latexconfig/hyperref.cfg
File: hyperref.cfg 2002/06/06 v1.2 hyperref configuration of TeXLive
)
Package hyperref Info: Hyper figures OFF on input line 4443.
Package hyperref Info: Link nesting OFF on input line 4448.
Package hyperref Info: Hyper index ON on input line 4451.
Package hyperref Info: Plain pages OFF on input line 4458.
Package hyperref Info: Backreferencing OFF on input line 4463.
Package hyperref Info: Implicit mode ON; LaTeX internals redefined.
Package hyperref Info: Bookmarks ON on input line 4688.
\c@Hy@tempcnt=\count159

(/usr/share/texlive/texmf-dist/tex/latex/url/url.sty
\Urlmuskip=\muskip17
Package: url 2013/09/16  ver 3.4  Verb mode for urls, etc.
)
LaTeX Info: Redefining \url on input line 5041.
\XeTeXLinkMargin=\dimen176
\Fld@menulength=\count160
\Field@Width=\dimen177
\Fld@charsize=\dimen178
Package hyperref Info: Hyper figures OFF on input line 6295.
Package hyperref Info: Link nesting OFF on input line 6300.
Package hyperref Info: Hyper index ON on input line 6303.
Package hyperref Info: backreferencing OFF on input line 6310.
Package hyperref Info: Link coloring OFF on input line 6315.
Package hyperref Info: Link coloring with OCG OFF on input line 6320.
Package hyperref Info: PDF/A mode OFF on input line 6325.
LaTeX Info: Redefining \ref on input line 6365.
LaTeX Info: Redefining \pageref on input line 6369.
\Hy@abspage=\count161
\c@Item=\count162
\c@Hfootnote=\count163
)

Package hyperref Message: Driver (autodetected): hpdftex.

(/usr/share/texlive/texmf-dist/tex/latex/hyperref/hpdftex.def
File: hpdftex.def 2012/11/06 v6.83m Hyperref driver for pdfTeX
\Fld@listcount=\count164
\c@bookmark@seq@number=\count165

(/usr/share/texlive/texmf-dist/tex/latex/oberdiek/rerunfilecheck.sty
Package: rerunfilecheck 2011/04/15 v1.7 Rerun checks for auxiliary files (HO)
Package uniquecounter Info: New unique counter `rerunfilecheck' on input line 2
82.
)
\Hy@SectionHShift=\skip75
)
(/usr/share/texlive/texmf-dist/tex/latex/xargs/xargs.sty
Package: xargs 2008/03/22 v1.1  extended macro definitions  (mpg)

(/usr/share/texlive/texmf-dist/tex/latex/xkeyval/xkeyval.sty
Package: xkeyval 2014/12/03 v2.7a package option processing (HA)

(/usr/share/texlive/texmf-dist/tex/generic/xkeyval/xkeyval.tex
(/usr/share/texlive/texmf-dist/tex/generic/xkeyval/xkvutils.tex
\XKV@toks=\toks22
\XKV@tempa@toks=\toks23
)
\XKV@depth=\count166
File: xkeyval.tex 2014/12/03 v2.7a key=value parser (HA)
))
\xargs@max=\count167
\xargs@toksa=\toks24
\xargs@toksb=\toks25
)
(/usr/share/texlive/texmf-dist/tex/latex/natbib/natbib.sty
Package: natbib 2010/09/13 8.31b (PWD, AO)
\bibhang=\skip76
\bibsep=\skip77
LaTeX Info: Redefining \cite on input line 694.
\c@NAT@ctr=\count168
)
(/usr/share/texlive/texmf-dist/tex/latex/prettyref/prettyref.sty
Package: prettyref 1998/07/09 v3.0
)
(/usr/share/texlive/texmf-dist/tex/latex/refstyle/refstyle.sty
Package: refstyle 2010/11/02 v0.5 Reference formatting (DNJ Els)
Package refstyle Info: Config file refstyle.cfg used on input line 322.

(/usr/share/texlive/texmf-dist/tex/latex/refstyle/refstyle.cfg
File: refstyle.cfg 2010/11/02 0.5 Configuration file for refstyle (DNJ Els)
Package refstyle Info: New reference template \newref{part} on input line 468.
Package refstyle Info: \partkey created on input line 468.
Package refstyle Info: \partlabel created on input line 468.
Package refstyle Info: \partref created on input line 468.
Package refstyle Info: \Partref created on input line 468.
Package refstyle Info: \partrangeref created on input line 468.
Package refstyle Info: \Partrangeref created on input line 468.
Package refstyle Info: \partpageref created on input line 468.
Package refstyle Info: New reference template \newref{chap} on input line 501.
Package refstyle Info: \chapkey created on input line 501.
Package refstyle Info: \chaplabel created on input line 501.
Package refstyle Info: \chapref created on input line 501.
Package refstyle Info: \Chapref created on input line 501.
Package refstyle Info: \chaprangeref created on input line 501.
Package refstyle Info: \Chaprangeref created on input line 501.
Package refstyle Info: \chappageref created on input line 501.
Package refstyle Info: New reference template \newref{sec} on input line 511.
Package refstyle Info: \seckey created on input line 511.
Package refstyle Info: \seclabel created on input line 511.
Package refstyle Info: \secref created on input line 511.
Package refstyle Info: \Secref created on input line 511.
Package refstyle Info: \secrangeref created on input line 511.
Package refstyle Info: \Secrangeref created on input line 511.
Package refstyle Info: \secpageref created on input line 511.
Package refstyle Info: New reference template \newref{eq} on input line 526.
Package refstyle Info: \eqkey created on input line 526.
Package refstyle Info: \eqlabel created on input line 526.
Package refstyle Info: \eqref created on input line 526.
Package refstyle Info: \Eqref created on input line 526.
Package refstyle Info: \eqrangeref created on input line 526.
Package refstyle Info: \Eqrangeref created on input line 526.
Package refstyle Info: \eqpageref created on input line 526.
Package refstyle Info: New reference template \newref{fig} on input line 544.
Package refstyle Info: \figkey created on input line 544.
Package refstyle Info: \figlabel created on input line 544.
Package refstyle Info: \figref created on input line 544.
Package refstyle Info: \Figref created on input line 544.
Package refstyle Info: \figrangeref created on input line 544.
Package refstyle Info: \Figrangeref created on input line 544.
Package refstyle Info: \figpageref created on input line 544.
Package refstyle Info: New reference template \newref{tab} on input line 553.
Package refstyle Info: \tabkey created on input line 553.
Package refstyle Info: \tablabel created on input line 553.
Package refstyle Info: \tabref created on input line 553.
Package refstyle Info: \Tabref created on input line 553.
Package refstyle Info: \tabrangeref created on input line 553.
Package refstyle Info: \Tabrangeref created on input line 553.
Package refstyle Info: \tabpageref created on input line 553.
Package refstyle Info: New reference template \newref{fn} on input line 568.
Package refstyle Info: \fnkey created on input line 568.
Package refstyle Info: \fnlabel created on input line 568.
Package refstyle Info: \fnref created on input line 568.
Package refstyle Info: \Fnref created on input line 568.
Package refstyle Info: \fnrangeref created on input line 568.
Package refstyle Info: \Fnrangeref created on input line 568.
Package refstyle Info: \fnpageref created on input line 568.
))
(/usr/share/texlive/texmf-dist/tex/latex/amsfonts/amssymb.sty
Package: amssymb 2013/01/14 v3.01 AMS font symbols

(/usr/share/texlive/texmf-dist/tex/latex/amsfonts/amsfonts.sty
Package: amsfonts 2013/01/14 v3.01 Basic AMSFonts support
\symAMSa=\mathgroup4
\symAMSb=\mathgroup5
LaTeX Font Info:    Overwriting math alphabet `\mathfrak' in version `bold'
(Font)                  U/euf/m/n --> U/euf/b/n on input line 106.
))
(/usr/share/texlive/texmf-dist/tex/latex/amscls/amsthm.sty
Package: amsthm 2015/03/04 v2.20.2
\thm@style=\toks26
\thm@bodyfont=\toks27
\thm@headfont=\toks28
\thm@notefont=\toks29
\thm@headpunct=\toks30
\thm@preskip=\skip78
\thm@postskip=\skip79
\thm@headsep=\skip80
\dth@everypar=\toks31
)
(/usr/share/texlive/texmf-dist/tex/latex/jknapltx/mathrsfs.sty
Package: mathrsfs 1996/01/01 Math RSFS package v1.0 (jk)
\symrsfs=\mathgroup6
)
(/usr/share/texlive/texmf-dist/tex/latex/mathtools/mathtools.sty
Package: mathtools 2015/11/12 v1.18 mathematical typesetting tools

(/usr/share/texlive/texmf-dist/tex/latex/tools/calc.sty
Package: calc 2014/10/28 v4.3 Infix arithmetic (KKT,FJ)
\calc@Acount=\count169
\calc@Bcount=\count170
\calc@Adimen=\dimen179
\calc@Bdimen=\dimen180
\calc@Askip=\skip81
\calc@Bskip=\skip82
LaTeX Info: Redefining \setlength on input line 80.
LaTeX Info: Redefining \addtolength on input line 81.
\calc@Ccount=\count171
\calc@Cskip=\skip83
)
(/usr/share/texlive/texmf-dist/tex/latex/mathtools/mhsetup.sty
Package: mhsetup 2010/01/21 v1.2a programming setup (MH)
)
LaTeX Info: Thecontrolsequence`\('isalreadyrobust on input line 129.
LaTeX Info: Thecontrolsequence`\)'isalreadyrobust on input line 129.
LaTeX Info: Thecontrolsequence`\['isalreadyrobust on input line 129.
LaTeX Info: Thecontrolsequence`\]'isalreadyrobust on input line 129.
\g_MT_multlinerow_int=\count172
\l_MT_multwidth_dim=\dimen181
\origjot=\skip84
\l_MT_shortvdotswithinadjustabove_dim=\dimen182
\l_MT_shortvdotswithinadjustbelow_dim=\dimen183
\l_MT_above_intertext_sep=\dimen184
\l_MT_below_intertext_sep=\dimen185
\l_MT_above_shortintertext_sep=\dimen186
\l_MT_below_shortintertext_sep=\dimen187
)
(/usr/share/texlive/texmf-dist/tex/latex/oberdiek/colonequals.sty
Package: colonequals 2006/08/01 v1.0 Colon equals symbols (HO)
)
(/usr/share/texlive/texmf-dist/tex/latex/algorithmicx/algpseudocode.sty
Package: algpseudocode 

(/usr/share/texlive/texmf-dist/tex/latex/base/ifthen.sty
Package: ifthen 2014/09/29 v1.1c Standard LaTeX ifthen package (DPC)
)
(/usr/share/texlive/texmf-dist/tex/latex/algorithmicx/algorithmicx.sty
Package: algorithmicx 2005/04/27 v1.2 Algorithmicx

Document Style algorithmicx 1.2 - a greatly improved `algorithmic' style
\c@ALG@line=\count173
\c@ALG@rem=\count174
\c@ALG@nested=\count175
\ALG@tlm=\skip85
\ALG@thistlm=\skip86
\c@ALG@Lnr=\count176
\c@ALG@blocknr=\count177
\c@ALG@storecount=\count178
\c@ALG@tmpcounter=\count179
\ALG@tmplength=\skip87
)
Document Style - pseudocode environments for use with the `algorithmicx' style
) (/usr/share/texlive/texmf-dist/tex/latex/algorithms/algorithm.sty
Package: algorithm 2009/08/24 v0.1 Document Style `algorithm' - floating enviro
nment

(/usr/share/texlive/texmf-dist/tex/latex/float/float.sty
Package: float 2001/11/08 v1.3d Float enhancements (AL)
\c@float@type=\count180
\float@exts=\toks32
\float@box=\box52
\@float@everytoks=\toks33
\@floatcapt=\box53
)
\@float@every@algorithm=\toks34
\c@algorithm=\count181
)
(/usr/share/texlive/texmf-dist/tex/latex/listings/listings.sty
\lst@mode=\count182
\lst@gtempboxa=\box54
\lst@token=\toks35
\lst@length=\count183
\lst@currlwidth=\dimen188
\lst@column=\count184
\lst@pos=\count185
\lst@lostspace=\dimen189
\lst@width=\dimen190
\lst@newlines=\count186
\lst@lineno=\count187
\lst@maxwidth=\dimen191

(/usr/share/texlive/texmf-dist/tex/latex/listings/lstmisc.sty
File: lstmisc.sty 2015/06/04 1.6 (Carsten Heinz)
\c@lstnumber=\count188
\lst@skipnumbers=\count189
\lst@framebox=\box55
)
(/usr/share/texlive/texmf-dist/tex/latex/listings/listings.cfg
File: listings.cfg 2015/06/04 1.6 listings configuration
))
Package: listings 2015/06/04 1.6 (Carsten Heinz)

(/usr/share/texlive/texmf-dist/tex/latex/pdfpages/pdfpages.sty
Package: pdfpages 2015/09/18 v0.5d Insert pages of external PDF documents (AM)

(/usr/share/texlive/texmf-dist/tex/latex/eso-pic/eso-pic.sty
Package: eso-pic 2015/07/21 v2.0g eso-pic (RN)

(/usr/share/texlive/texmf-dist/tex/latex/xcolor/xcolor.sty
Package: xcolor 2007/01/21 v2.11 LaTeX color extensions (UK)

(/usr/share/texlive/texmf-dist/tex/latex/latexconfig/color.cfg
File: color.cfg 2007/01/18 v1.5 color configuration of teTeX/TeXLive
)
Package xcolor Info: Driver file: pdftex.def on input line 225.
Package xcolor Info: Model `cmy' substituted by `cmy0' on input line 1337.
Package xcolor Info: Model `hsb' substituted by `rgb' on input line 1341.
Package xcolor Info: Model `RGB' extended on input line 1353.
Package xcolor Info: Model `HTML' substituted by `rgb' on input line 1355.
Package xcolor Info: Model `Hsb' substituted by `hsb' on input line 1356.
Package xcolor Info: Model `tHsb' substituted by `hsb' on input line 1357.
Package xcolor Info: Model `HSB' substituted by `hsb' on input line 1358.
Package xcolor Info: Model `Gray' substituted by `gray' on input line 1359.
Package xcolor Info: Model `wave' substituted by `hsb' on input line 1360.
))
\AM@pagewidth=\dimen192
\AM@pageheight=\dimen193

(/usr/share/texlive/texmf-dist/tex/latex/pdfpages/pppdftex.def
File: pppdftex.def 2015/09/18 v0.5d Pdfpages driver for pdfTeX (AM)
)
\AM@pagebox=\box56
\AM@toc@title=\toks36
\c@AM@survey=\count190
\AM@templatesizebox=\box57
)
(./lyx_commands.tex
\c@assumption=\count191
\c@defn=\count192
\c@condition=\count193
\c@prop=\count194
\c@lem=\count195
\c@thm=\count196
\c@cor=\count197
Package refstyle Info: New reference template \newref{cond} on input line 61.
Package refstyle Info: \condkey created on input line 61.
Package refstyle Info: \condlabel created on input line 61.
Package refstyle Info: \condref created on input line 61.
Package refstyle Info: \Condref created on input line 61.
Package refstyle Info: \condrangeref created on input line 61.
Package refstyle Info: \Condrangeref created on input line 61.
Package refstyle Info: \condpageref created on input line 61.
Package refstyle Info: New reference template \newref{assu} on input line 62.
Package refstyle Info: \assukey created on input line 62.
Package refstyle Info: \assulabel created on input line 62.
Package refstyle Info: \assuref created on input line 62.
Package refstyle Info: \Assuref created on input line 62.
Package refstyle Info: \assurangeref created on input line 62.
Package refstyle Info: \Assurangeref created on input line 62.
Package refstyle Info: \assupageref created on input line 62.
Package refstyle Info: New reference template \newref{propref} on input line 63
.
Package refstyle Info: \proprefkey created on input line 63.
Package refstyle Info: \propreflabel created on input line 63.
Package refstyle Info: \proprefref created on input line 63.
Package refstyle Info: \Proprefref created on input line 63.
Package refstyle Info: \proprefrangeref created on input line 63.
Package refstyle Info: \Proprefrangeref created on input line 63.
Package refstyle Info: \proprefpageref created on input line 63.
Package refstyle Info: New reference template \newref{corref} on input line 64.

Package refstyle Info: \correfkey created on input line 64.
Package refstyle Info: \correflabel created on input line 64.
Package refstyle Info: \correfref created on input line 64.
Package refstyle Info: \Correfref created on input line 64.
Package refstyle Info: \correfrangeref created on input line 64.
Package refstyle Info: \Correfrangeref created on input line 64.
Package refstyle Info: \correfpageref created on input line 64.
Package refstyle Info: New reference template \newref{lem} on input line 65.
Package refstyle Info: \lemkey created on input line 65.
Package refstyle Info: \lemlabel created on input line 65.
Package refstyle Info: \lemref created on input line 65.
Package refstyle Info: \Lemref created on input line 65.
Package refstyle Info: \lemrangeref created on input line 65.
Package refstyle Info: \Lemrangeref created on input line 65.
Package refstyle Info: \lempageref created on input line 65.
Package refstyle Info: New reference template \newref{defref} on input line 66.

Package refstyle Info: \defrefkey created on input line 66.
Package refstyle Info: \defreflabel created on input line 66.
Package refstyle Info: \defrefref created on input line 66.
Package refstyle Info: \Defrefref created on input line 66.
Package refstyle Info: \defrefrangeref created on input line 66.
Package refstyle Info: \Defrefrangeref created on input line 66.
Package refstyle Info: \defrefpageref created on input line 66.
Package refstyle Info: New reference template \newref{thmref} on input line 67.

Package refstyle Info: \thmrefkey created on input line 67.
Package refstyle Info: \thmreflabel created on input line 67.
Package refstyle Info: \thmrefref created on input line 67.
Package refstyle Info: \Thmrefref created on input line 67.
Package refstyle Info: \thmrefrangeref created on input line 67.
Package refstyle Info: \Thmrefrangeref created on input line 67.
Package refstyle Info: \thmrefpageref created on input line 67.
) (./knitr_header.tex
(/usr/share/texlive/texmf-dist/tex/latex/framed/framed.sty
Package: framed 2011/10/22 v 0.96: framed or shaded text with page breaks
\OuterFrameSep=\skip88
\fb@frw=\dimen194
\fb@frh=\dimen195
\FrameRule=\dimen196
\FrameSep=\dimen197
))
(/usr/share/texlive/texmf-dist/tex/latex/base/alltt.sty
Package: alltt 1997/06/16 v2.0g defines alltt environment
) (./main.aux)
\openout1 = `main.aux'.

LaTeX Font Info:    Checking defaults for OML/cmm/m/it on input line 101.
LaTeX Font Info:    ... okay on input line 101.
LaTeX Font Info:    Checking defaults for T1/cmr/m/n on input line 101.
LaTeX Font Info:    ... okay on input line 101.
LaTeX Font Info:    Checking defaults for OT1/cmr/m/n on input line 101.
LaTeX Font Info:    ... okay on input line 101.
LaTeX Font Info:    Checking defaults for OMS/cmsy/m/n on input line 101.
LaTeX Font Info:    ... okay on input line 101.
LaTeX Font Info:    Checking defaults for OMX/cmex/m/n on input line 101.
LaTeX Font Info:    ... okay on input line 101.
LaTeX Font Info:    Checking defaults for U/cmr/m/n on input line 101.
LaTeX Font Info:    ... okay on input line 101.
LaTeX Font Info:    Checking defaults for PD1/pdf/m/n on input line 101.
LaTeX Font Info:    ... okay on input line 101.
LaTeX Info: Redefining \microtypecontext on input line 101.
Package microtype Info: Generating PDF output.
Package microtype Info: Character protrusion enabled (level 2).
Package microtype Info: Using default protrusion set `alltext'.
Package microtype Info: Automatic font expansion enabled (level 2),
(microtype)             stretch: 20, shrink: 20, step: 1, non-selected.
Package microtype Info: Using default expansion set `basictext'.
Package microtype Info: No adjustment of tracking.
Package microtype Info: No adjustment of interword spacing.
Package microtype Info: No adjustment of character kerning.

(/usr/share/texlive/texmf-dist/tex/latex/microtype/mt-cmr.cfg
File: mt-cmr.cfg 2013/05/19 v2.2 microtype config. file: Computer Modern Roman 
(RS)
)
(/usr/share/texlive/texmf-dist/tex/context/base/supp-pdf.mkii
[Loading MPS to PDF converter (version 2006.09.02).]
\scratchcounter=\count198
\scratchdimen=\dimen198
\scratchbox=\box58
\nofMPsegments=\count199
\nofMParguments=\count266
\everyMPshowfont=\toks37
\MPscratchCnt=\count267
\MPscratchDim=\dimen199
\MPnumerator=\count268
\makeMPintoPDFobject=\count269
\everyMPtoPDFconversion=\toks38
) (/usr/share/texlive/texmf-dist/tex/latex/oberdiek/epstopdf-base.sty
Package: epstopdf-base 2010/02/09 v2.5 Base part for package epstopdf

(/usr/share/texlive/texmf-dist/tex/latex/oberdiek/grfext.sty
Package: grfext 2010/08/19 v1.1 Manage graphics extensions (HO)
)
Package grfext Info: Graphics extension search list:
(grfext)             [.png,.pdf,.jpg,.mps,.jpeg,.jbig2,.jb2,.PNG,.PDF,.JPG,.JPE
G,.JBIG2,.JB2,.eps]
(grfext)             \AppendGraphicsExtensions on input line 452.

(/usr/share/texlive/texmf-dist/tex/latex/latexconfig/epstopdf-sys.cfg
File: epstopdf-sys.cfg 2010/07/13 v1.3 Configuration of (r)epstopdf for TeX Liv
e
))
(/usr/share/texlive/texmf-dist/tex/latex/beamer/translator/dicts/translator-bas
ic-dictionary/translator-basic-dictionary-English.dict
Dictionary: translator-basic-dictionary, Language: English 
)
(/usr/share/texlive/texmf-dist/tex/latex/siunitx/siunitx-abbreviations.cfg
File: siunitx-abbreviations.cfg 2016/03/01 v2.6q siunitx: Abbreviated units
)
\AtBeginShipoutBox=\box59
Package hyperref Info: Link coloring OFF on input line 101.

(/usr/share/texlive/texmf-dist/tex/latex/hyperref/nameref.sty
Package: nameref 2012/10/27 v2.43 Cross-referencing by name of section

(/usr/share/texlive/texmf-dist/tex/generic/oberdiek/gettitlestring.sty
Package: gettitlestring 2010/12/03 v1.4 Cleanup title references (HO)
)
\c@section@level=\count270
)
LaTeX Info: Redefining \ref on input line 101.
LaTeX Info: Redefining \pageref on input line 101.
LaTeX Info: Redefining \nameref on input line 101.

(./main.out) (./main.out)
\@outlinefile=\write3
\openout3 = `main.out'.

\c@lstlisting=\count271

(/usr/share/texlive/texmf-dist/tex/latex/oberdiek/pdflscape.sty
Package: pdflscape 2008/08/11 v0.10 Display of landscape pages in PDF (HO)

(/usr/share/texlive/texmf-dist/tex/latex/graphics/lscape.sty
Package: lscape 2000/10/22 v3.01 Landscape Pages (DPC)
)
Package pdflscape Info: Auto-detected driver: pdftex on input line 80.
)
\c__siunitx_mathsf_int=\count272
LaTeX Font Info:    Try loading font information for U+msa on input line 101.

(/usr/share/texlive/texmf-dist/tex/latex/amsfonts/umsa.fd
File: umsa.fd 2013/01/14 v3.01 AMS symbols A
)
(/usr/share/texlive/texmf-dist/tex/latex/microtype/mt-msa.cfg
File: mt-msa.cfg 2006/02/04 v1.1 microtype config. file: AMS symbols (a) (RS)
)
LaTeX Font Info:    Try loading font information for U+msb on input line 101.

(/usr/share/texlive/texmf-dist/tex/latex/amsfonts/umsb.fd
File: umsb.fd 2013/01/14 v3.01 AMS symbols B
)
(/usr/share/texlive/texmf-dist/tex/latex/microtype/mt-msb.cfg
File: mt-msb.cfg 2005/06/01 v1.0 microtype config. file: AMS symbols (b) (RS)
)
LaTeX Font Info:    Try loading font information for U+rsfs on input line 101.

(/usr/share/texlive/texmf-dist/tex/latex/jknapltx/ursfs.fd
File: ursfs.fd 1998/03/24 rsfs font definition file (jk)
)
Package microtype Info: Loading generic settings for font family
(microtype)             `cmss' (encoding: OT1).
(microtype)             For optimal results, create family-specific settings.
(microtype)             See the microtype manual for details.
\c__siunitx_mathtt_int=\count273
Package microtype Info: Loading generic settings for font family
(microtype)             `cmtt' (encoding: OT1).
(microtype)             For optimal results, create family-specific settings.
(microtype)             See the microtype manual for details.


Package Fancyhdr Warning: \fancyhead's `E' option without twoside option is use
less on input line 127.


Overfull \hbox (5.1225pt too wide) in paragraph at lines 128--128
 [] 
 []

(./introduction.tex
Underfull \vbox (badness 10000) has occurred while \output is active []

 [1{/var/lib/texmf/fonts/map/pdftex/updmap/pdftex.map}



]) (./problem_definition.tex
Underfull \vbox (badness 10000) has occurred while \output is active []


Underfull \hbox (badness 2103) in paragraph at lines 23--36
[][] [][] \OML/cmm/m/it/10 f [] ;$ \OT1/cmr/m/n/10 (+20) then we take $\OML/cmm
/m/it/10 g[] [] \OT1/cmr/m/n/10 (+20) =
 []


Underfull \hbox (badness 1137) in paragraph at lines 52--62
[] []$ \OT1/cmr/m/n/10 (+20) for $\OML/cmm/m/it/10 b \OT1/cmr/m/n/10 (+20) = 1\
OML/cmm/m/it/10 ; [] ; B$\OT1/cmr/m/n/10 (+20) , so that
 []

[2]) (./linear_approximation.tex) (./assumptions_and_results.tex
Underfull \hbox (badness 10000) in paragraph at lines 35--39
[]\OT1/cmr/bx/n/10 Assumption 2 \OT1/cmr/m/n/10 (+20) (Non-de-gen-er-acy)\OT1/c
mr/bx/n/10 . []\OT1/cmr/m/it/10 (+20) For all
 []


Underfull \hbox (badness 10000) in paragraph at lines 35--39
\OML/cmm/m/it/10 ^^R \OMS/cmsy/m/n/10 2 \OT1/cmr/m/n/10 (+20) 
[]$\OT1/cmr/m/it/10 (+20) , $\OML/cmm/m/it/10 H []$ \OT1/cmr/m/it/10 (+20) is n
on-singular, with
 []

[3]
Underfull \hbox (badness 2020) in paragraph at lines 110--119
\OML/cmm/m/it/10 ^^R \OMS/cmsy/m/n/10 2 \OT1/cmr/m/n/10 (+20) 
[]$\OT1/cmr/m/it/10 (+20) , and that all of $\U/msb/m/n/10 E []$\OT1/cmr/m/it/1
0 (+20) ,
 []

[4]) (./examples.tex [5]) (./related_work.tex)
Underfull \vbox (badness 10000) has occurred while \output is active []

 [6]
(./simulated_experiments.tex
<figure/simulated_experiments_accuracy-1.png, id=301, 289.08pt x 231.264pt>
File: figure/simulated_experiments_accuracy-1.png Graphic file (type png)

<use figure/simulated_experiments_accuracy-1.png>
Package pdftex.def Info: figure/simulated_experiments_accuracy-1.png used on in
put line 31.
(pdftex.def)             Requested size: 230.1792pt x 184.1504pt.

<figure/simulated_experiments_timing-1.png, id=303, 289.08pt x 161.6439pt>
File: figure/simulated_experiments_timing-1.png Graphic file (type png)

<use figure/simulated_experiments_timing-1.png>
Package pdftex.def Info: figure/simulated_experiments_timing-1.png used on inpu
t line 52.
(pdftex.def)             Requested size: 230.1792pt x 128.94778pt.


LaTeX Warning: `!h' float specifier changed to `!ht'.

) (./real_data_experiments.tex
Underfull \vbox (badness 10000) has occurred while \output is active []

 [7pdfTeX warning (ext4): destination with the same identifier (name{figure.1})
 has been already used, duplicate ignored

\AtBegShi@Output ...ipout \box \AtBeginShipoutBox 
                                                  \fi \fi 
l.80 
     pdfTeX warning (ext4): destination with the same identifier (name{figure.2
}) has been already used, duplicate ignored

\AtBegShi@Output ...ipout \box \AtBeginShipoutBox 
                                                  \fi \fi 
l.80 
      <./figure/simulated_experiments_accuracy-1.png (PNG copy)> <./figure/simu
lated_experiments_timing-1.png (PNG copy)>]
<figure/mse_graph-1.png, id=332, 289.08pt x 231.264pt>
File: figure/mse_graph-1.png Graphic file (type png)

<use figure/mse_graph-1.png>
Package pdftex.def Info: figure/mse_graph-1.png used on input line 84.
(pdftex.def)             Requested size: 230.1792pt x 184.1504pt.

<figure/timing_graph-1.png, id=335, 289.08pt x 208.1376pt>
File: figure/timing_graph-1.png Graphic file (type png)

<use figure/timing_graph-1.png>
Package pdftex.def Info: figure/timing_graph-1.png used on input line 108.
(pdftex.def)             Requested size: 230.1792pt x 165.83064pt.


LaTeX Warning: `!h' float specifier changed to `!ht'.

) (./conclusion.tex) [8pdfTeX warning (ext4): destination with the same identif
ier (name{figure.3}) has been already used, duplicate ignored

\AtBegShi@Output ...ipout \box \AtBeginShipoutBox 
                                                  \fi \fi 
l.193 \newpage
              pdfTeX warning (ext4): destination with the same identifier (name
{figure.4}) has been already used, duplicate ignored

\AtBegShi@Output ...ipout \box \AtBeginShipoutBox 
                                                  \fi \fi 
l.193 \newpage
               <./figure/mse_graph-1.png (PNG copy)> <./figure/timing_graph-1.p
ng (PNG copy)>] (./acknowledgements.tex) (./main.bbl
Underfull \hbox (badness 1852) in paragraph at lines 126--132
\OT1/cmr/m/n/10 (+20) abe, K. Fuji, Y. Mat-suoka, H. Ki-tano, and
 []

) [9] (./app_theory.tex [10

] [11] [12] [13] [14] [15]
Underfull \vbox (badness 10000) has occurred while \output is active []

 [16]
[17] [18] [19])
<appendix_pdfs/fit_model_and_save.pdf, id=625, 614.295pt x 794.97pt>
File: appendix_pdfs/fit_model_and_save.pdf Graphic file (type pdf)

<use appendix_pdfs/fit_model_and_save.pdf>
Package pdftex.def Info: appendix_pdfs/fit_model_and_save.pdf used on input lin
e 214.
(pdftex.def)             Requested size: 614.29349pt x 794.96806pt.
File: appendix_pdfs/fit_model_and_save.pdf Graphic file (type pdf)

<use appendix_pdfs/fit_model_and_save.pdf>
Package pdftex.def Info: appendix_pdfs/fit_model_and_save.pdf used on input lin
e 214.
(pdftex.def)             Requested size: 614.29349pt x 794.96806pt.

<appendix_pdfs/fit_model_and_save.pdf, id=628, page=1, 614.295pt x 794.97pt>
File: appendix_pdfs/fit_model_and_save.pdf Graphic file (type pdf)

<use appendix_pdfs/fit_model_and_save.pdf, page 1>
Package pdftex.def Info: appendix_pdfs/fit_model_and_save.pdf, page1 used on in
put line 214.
(pdftex.def)             Requested size: 614.29349pt x 794.96806pt.
File: appendix_pdfs/fit_model_and_save.pdf Graphic file (type pdf)

<use appendix_pdfs/fit_model_and_save.pdf, page 1>
Package pdftex.def Info: appendix_pdfs/fit_model_and_save.pdf, page1 used on in
put line 214.
(pdftex.def)             Requested size: 491.43666pt x 635.97687pt.
 [20]
File: appendix_pdfs/fit_model_and_save.pdf Graphic file (type pdf)

<use appendix_pdfs/fit_model_and_save.pdf, page 1>
Package pdftex.def Info: appendix_pdfs/fit_model_and_save.pdf, page1 used on in
put line 214.
(pdftex.def)             Requested size: 491.43666pt x 635.97687pt.
File: appendix_pdfs/fit_model_and_save.pdf Graphic file (type pdf)

<use appendix_pdfs/fit_model_and_save.pdf, page 1>
Package pdftex.def Info: appendix_pdfs/fit_model_and_save.pdf, page1 used on in
put line 214.
(pdftex.def)             Requested size: 491.43666pt x 635.97687pt.
File: appendix_pdfs/fit_model_and_save.pdf Graphic file (type pdf)

<use appendix_pdfs/fit_model_and_save.pdf, page 1>
Package pdftex.def Info: appendix_pdfs/fit_model_and_save.pdf, page1 used on in
put line 214.
(pdftex.def)             Requested size: 491.43666pt x 635.97687pt.
 [21 <./appendix_pdfs/fit_model_and_save.pdf>]
<appendix_pdfs/fit_model_and_save.pdf, id=783, page=2, 614.295pt x 794.97pt>
File: appendix_pdfs/fit_model_and_save.pdf Graphic file (type pdf)

<use appendix_pdfs/fit_model_and_save.pdf, page 2>
Package pdftex.def Info: appendix_pdfs/fit_model_and_save.pdf, page2 used on in
put line 214.
(pdftex.def)             Requested size: 491.43666pt x 635.97687pt.
File: appendix_pdfs/fit_model_and_save.pdf Graphic file (type pdf)

<use appendix_pdfs/fit_model_and_save.pdf, page 2>
Package pdftex.def Info: appendix_pdfs/fit_model_and_save.pdf, page2 used on in
put line 214.
(pdftex.def)             Requested size: 491.43666pt x 635.97687pt.
File: appendix_pdfs/fit_model_and_save.pdf Graphic file (type pdf)

<use appendix_pdfs/fit_model_and_save.pdf, page 2>
Package pdftex.def Info: appendix_pdfs/fit_model_and_save.pdf, page2 used on in
put line 214.
(pdftex.def)             Requested size: 491.43666pt x 635.97687pt.
 [22 <./appendix_pdfs/fit_model_and_save.pdf>]
<appendix_pdfs/fit_model_and_save.pdf, id=793, page=3, 614.295pt x 794.97pt>
File: appendix_pdfs/fit_model_and_save.pdf Graphic file (type pdf)

<use appendix_pdfs/fit_model_and_save.pdf, page 3>
Package pdftex.def Info: appendix_pdfs/fit_model_and_save.pdf, page3 used on in
put line 214.
(pdftex.def)             Requested size: 491.43666pt x 635.97687pt.
File: appendix_pdfs/fit_model_and_save.pdf Graphic file (type pdf)

<use appendix_pdfs/fit_model_and_save.pdf, page 3>
Package pdftex.def Info: appendix_pdfs/fit_model_and_save.pdf, page3 used on in
put line 214.
(pdftex.def)             Requested size: 491.43666pt x 635.97687pt.
File: appendix_pdfs/fit_model_and_save.pdf Graphic file (type pdf)

<use appendix_pdfs/fit_model_and_save.pdf, page 3>
Package pdftex.def Info: appendix_pdfs/fit_model_and_save.pdf, page3 used on in
put line 214.
(pdftex.def)             Requested size: 491.43666pt x 635.97687pt.
 [23 <./appendix_pdfs/fit_model_and_save.pdf>]
<appendix_pdfs/fit_model_and_save.pdf, id=812, page=4, 614.295pt x 794.97pt>
File: appendix_pdfs/fit_model_and_save.pdf Graphic file (type pdf)

<use appendix_pdfs/fit_model_and_save.pdf, page 4>
Package pdftex.def Info: appendix_pdfs/fit_model_and_save.pdf, page4 used on in
put line 214.
(pdftex.def)             Requested size: 491.43666pt x 635.97687pt.
File: appendix_pdfs/fit_model_and_save.pdf Graphic file (type pdf)

<use appendix_pdfs/fit_model_and_save.pdf, page 4>
Package pdftex.def Info: appendix_pdfs/fit_model_and_save.pdf, page4 used on in
put line 214.
(pdftex.def)             Requested size: 491.43666pt x 635.97687pt.
File: appendix_pdfs/fit_model_and_save.pdf Graphic file (type pdf)

<use appendix_pdfs/fit_model_and_save.pdf, page 4>
Package pdftex.def Info: appendix_pdfs/fit_model_and_save.pdf, page4 used on in
put line 214.
(pdftex.def)             Requested size: 491.43666pt x 635.97687pt.
 [24 <./appendix_pdfs/fit_model_and_save.pdf>]
<appendix_pdfs/fit_model_and_save.pdf, id=823, page=5, 614.295pt x 794.97pt>
File: appendix_pdfs/fit_model_and_save.pdf Graphic file (type pdf)

<use appendix_pdfs/fit_model_and_save.pdf, page 5>
Package pdftex.def Info: appendix_pdfs/fit_model_and_save.pdf, page5 used on in
put line 214.
(pdftex.def)             Requested size: 491.43666pt x 635.97687pt.
File: appendix_pdfs/fit_model_and_save.pdf Graphic file (type pdf)

<use appendix_pdfs/fit_model_and_save.pdf, page 5>
Package pdftex.def Info: appendix_pdfs/fit_model_and_save.pdf, page5 used on in
put line 214.
(pdftex.def)             Requested size: 491.43666pt x 635.97687pt.
File: appendix_pdfs/fit_model_and_save.pdf Graphic file (type pdf)

<use appendix_pdfs/fit_model_and_save.pdf, page 5>
Package pdftex.def Info: appendix_pdfs/fit_model_and_save.pdf, page5 used on in
put line 214.
(pdftex.def)             Requested size: 491.43666pt x 635.97687pt.
 [25 <./appendix_pdfs/fit_model_and_save.pdf>]
<appendix_pdfs/fit_model_and_save.pdf, id=844, page=6, 614.295pt x 794.97pt>
File: appendix_pdfs/fit_model_and_save.pdf Graphic file (type pdf)

<use appendix_pdfs/fit_model_and_save.pdf, page 6>
Package pdftex.def Info: appendix_pdfs/fit_model_and_save.pdf, page6 used on in
put line 214.
(pdftex.def)             Requested size: 491.43666pt x 635.97687pt.
File: appendix_pdfs/fit_model_and_save.pdf Graphic file (type pdf)

<use appendix_pdfs/fit_model_and_save.pdf, page 6>
Package pdftex.def Info: appendix_pdfs/fit_model_and_save.pdf, page6 used on in
put line 214.
(pdftex.def)             Requested size: 491.43666pt x 635.97687pt.
File: appendix_pdfs/fit_model_and_save.pdf Graphic file (type pdf)

<use appendix_pdfs/fit_model_and_save.pdf, page 6>
Package pdftex.def Info: appendix_pdfs/fit_model_and_save.pdf, page6 used on in
put line 214.
(pdftex.def)             Requested size: 491.43666pt x 635.97687pt.
 [26 <./appendix_pdfs/fit_model_and_save.pdf>]
<appendix_pdfs/fit_model_and_save.pdf, id=854, page=7, 614.295pt x 794.97pt>
File: appendix_pdfs/fit_model_and_save.pdf Graphic file (type pdf)

<use appendix_pdfs/fit_model_and_save.pdf, page 7>
Package pdftex.def Info: appendix_pdfs/fit_model_and_save.pdf, page7 used on in
put line 214.
(pdftex.def)             Requested size: 491.43666pt x 635.97687pt.
File: appendix_pdfs/fit_model_and_save.pdf Graphic file (type pdf)

<use appendix_pdfs/fit_model_and_save.pdf, page 7>
Package pdftex.def Info: appendix_pdfs/fit_model_and_save.pdf, page7 used on in
put line 214.
(pdftex.def)             Requested size: 491.43666pt x 635.97687pt.
File: appendix_pdfs/fit_model_and_save.pdf Graphic file (type pdf)

<use appendix_pdfs/fit_model_and_save.pdf, page 7>
Package pdftex.def Info: appendix_pdfs/fit_model_and_save.pdf, page7 used on in
put line 214.
(pdftex.def)             Requested size: 491.43666pt x 635.97687pt.
 [27 <./appendix_pdfs/fit_model_and_save.pdf>]
<appendix_pdfs/fit_model_and_save.pdf, id=861, page=8, 614.295pt x 794.97pt>
File: appendix_pdfs/fit_model_and_save.pdf Graphic file (type pdf)

<use appendix_pdfs/fit_model_and_save.pdf, page 8>
Package pdftex.def Info: appendix_pdfs/fit_model_and_save.pdf, page8 used on in
put line 214.
(pdftex.def)             Requested size: 491.43666pt x 635.97687pt.
File: appendix_pdfs/fit_model_and_save.pdf Graphic file (type pdf)

<use appendix_pdfs/fit_model_and_save.pdf, page 8>
Package pdftex.def Info: appendix_pdfs/fit_model_and_save.pdf, page8 used on in
put line 214.
(pdftex.def)             Requested size: 491.43666pt x 635.97687pt.
File: appendix_pdfs/fit_model_and_save.pdf Graphic file (type pdf)

<use appendix_pdfs/fit_model_and_save.pdf, page 8>
Package pdftex.def Info: appendix_pdfs/fit_model_and_save.pdf, page8 used on in
put line 214.
(pdftex.def)             Requested size: 491.43666pt x 635.97687pt.
 [28 <./appendix_pdfs/fit_model_and_save.pdf>]
<appendix_pdfs/fit_model_and_save.pdf, id=866, page=9, 614.295pt x 794.97pt>
File: appendix_pdfs/fit_model_and_save.pdf Graphic file (type pdf)

<use appendix_pdfs/fit_model_and_save.pdf, page 9>
Package pdftex.def Info: appendix_pdfs/fit_model_and_save.pdf, page9 used on in
put line 214.
(pdftex.def)             Requested size: 491.43666pt x 635.97687pt.
File: appendix_pdfs/fit_model_and_save.pdf Graphic file (type pdf)

<use appendix_pdfs/fit_model_and_save.pdf, page 9>
Package pdftex.def Info: appendix_pdfs/fit_model_and_save.pdf, page9 used on in
put line 214.
(pdftex.def)             Requested size: 491.43666pt x 635.97687pt.
File: appendix_pdfs/fit_model_and_save.pdf Graphic file (type pdf)

<use appendix_pdfs/fit_model_and_save.pdf, page 9>
Package pdftex.def Info: appendix_pdfs/fit_model_and_save.pdf, page9 used on in
put line 214.
(pdftex.def)             Requested size: 491.43666pt x 635.97687pt.
 [29 <./appendix_pdfs/fit_model_and_save.pdf>]
<appendix_pdfs/fit_model_and_save.pdf, id=873, page=10, 614.295pt x 794.97pt>
File: appendix_pdfs/fit_model_and_save.pdf Graphic file (type pdf)

<use appendix_pdfs/fit_model_and_save.pdf, page 10>
Package pdftex.def Info: appendix_pdfs/fit_model_and_save.pdf, page10 used on i
nput line 214.
(pdftex.def)             Requested size: 491.43666pt x 635.97687pt.
File: appendix_pdfs/fit_model_and_save.pdf Graphic file (type pdf)

<use appendix_pdfs/fit_model_and_save.pdf, page 10>
Package pdftex.def Info: appendix_pdfs/fit_model_and_save.pdf, page10 used on i
nput line 214.
(pdftex.def)             Requested size: 491.43666pt x 635.97687pt.
File: appendix_pdfs/fit_model_and_save.pdf Graphic file (type pdf)

<use appendix_pdfs/fit_model_and_save.pdf, page 10>
Package pdftex.def Info: appendix_pdfs/fit_model_and_save.pdf, page10 used on i
nput line 214.
(pdftex.def)             Requested size: 491.43666pt x 635.97687pt.
 [30 <./appendix_pdfs/fit_model_and_save.pdf>]
<appendix_pdfs/fit_model_and_save.pdf, id=878, page=11, 614.295pt x 794.97pt>
File: appendix_pdfs/fit_model_and_save.pdf Graphic file (type pdf)

<use appendix_pdfs/fit_model_and_save.pdf, page 11>
Package pdftex.def Info: appendix_pdfs/fit_model_and_save.pdf, page11 used on i
nput line 214.
(pdftex.def)             Requested size: 491.43666pt x 635.97687pt.
File: appendix_pdfs/fit_model_and_save.pdf Graphic file (type pdf)

<use appendix_pdfs/fit_model_and_save.pdf, page 11>
Package pdftex.def Info: appendix_pdfs/fit_model_and_save.pdf, page11 used on i
nput line 214.
(pdftex.def)             Requested size: 491.43666pt x 635.97687pt.
File: appendix_pdfs/fit_model_and_save.pdf Graphic file (type pdf)

<use appendix_pdfs/fit_model_and_save.pdf, page 11>
Package pdftex.def Info: appendix_pdfs/fit_model_and_save.pdf, page11 used on i
nput line 214.
(pdftex.def)             Requested size: 491.43666pt x 635.97687pt.
 [31 <./appendix_pdfs/fit_model_and_save.pdf>]
<appendix_pdfs/fit_model_and_save.pdf, id=884, page=12, 614.295pt x 794.97pt>
File: appendix_pdfs/fit_model_and_save.pdf Graphic file (type pdf)

<use appendix_pdfs/fit_model_and_save.pdf, page 12>
Package pdftex.def Info: appendix_pdfs/fit_model_and_save.pdf, page12 used on i
nput line 214.
(pdftex.def)             Requested size: 491.43666pt x 635.97687pt.
File: appendix_pdfs/fit_model_and_save.pdf Graphic file (type pdf)

<use appendix_pdfs/fit_model_and_save.pdf, page 12>
Package pdftex.def Info: appendix_pdfs/fit_model_and_save.pdf, page12 used on i
nput line 214.
(pdftex.def)             Requested size: 491.43666pt x 635.97687pt.
File: appendix_pdfs/fit_model_and_save.pdf Graphic file (type pdf)

<use appendix_pdfs/fit_model_and_save.pdf, page 12>
Package pdftex.def Info: appendix_pdfs/fit_model_and_save.pdf, page12 used on i
nput line 214.
(pdftex.def)             Requested size: 491.43666pt x 635.97687pt.
 [32 <./appendix_pdfs/fit_model_and_save.pdf>]
<appendix_pdfs/fit_model_and_save.pdf, id=889, page=13, 614.295pt x 794.97pt>
File: appendix_pdfs/fit_model_and_save.pdf Graphic file (type pdf)

<use appendix_pdfs/fit_model_and_save.pdf, page 13>
Package pdftex.def Info: appendix_pdfs/fit_model_and_save.pdf, page13 used on i
nput line 214.
(pdftex.def)             Requested size: 491.43666pt x 635.97687pt.
File: appendix_pdfs/fit_model_and_save.pdf Graphic file (type pdf)

<use appendix_pdfs/fit_model_and_save.pdf, page 13>
Package pdftex.def Info: appendix_pdfs/fit_model_and_save.pdf, page13 used on i
nput line 214.
(pdftex.def)             Requested size: 491.43666pt x 635.97687pt.
File: appendix_pdfs/fit_model_and_save.pdf Graphic file (type pdf)

<use appendix_pdfs/fit_model_and_save.pdf, page 13>
Package pdftex.def Info: appendix_pdfs/fit_model_and_save.pdf, page13 used on i
nput line 214.
(pdftex.def)             Requested size: 491.43666pt x 635.97687pt.
 [33 <./appendix_pdfs/fit_model_and_save.pdf>]
<appendix_pdfs/fit_model_and_save.pdf, id=894, page=14, 614.295pt x 794.97pt>
File: appendix_pdfs/fit_model_and_save.pdf Graphic file (type pdf)

<use appendix_pdfs/fit_model_and_save.pdf, page 14>
Package pdftex.def Info: appendix_pdfs/fit_model_and_save.pdf, page14 used on i
nput line 214.
(pdftex.def)             Requested size: 491.43666pt x 635.97687pt.
File: appendix_pdfs/fit_model_and_save.pdf Graphic file (type pdf)

<use appendix_pdfs/fit_model_and_save.pdf, page 14>
Package pdftex.def Info: appendix_pdfs/fit_model_and_save.pdf, page14 used on i
nput line 214.
(pdftex.def)             Requested size: 491.43666pt x 635.97687pt.
File: appendix_pdfs/fit_model_and_save.pdf Graphic file (type pdf)

<use appendix_pdfs/fit_model_and_save.pdf, page 14>
Package pdftex.def Info: appendix_pdfs/fit_model_and_save.pdf, page14 used on i
nput line 214.
(pdftex.def)             Requested size: 491.43666pt x 635.97687pt.
 [34 <./appendix_pdfs/fit_model_and_save.pdf>]
<appendix_pdfs/fit_model_and_save.pdf, id=901, page=15, 614.295pt x 794.97pt>
File: appendix_pdfs/fit_model_and_save.pdf Graphic file (type pdf)

<use appendix_pdfs/fit_model_and_save.pdf, page 15>
Package pdftex.def Info: appendix_pdfs/fit_model_and_save.pdf, page15 used on i
nput line 214.
(pdftex.def)             Requested size: 491.43666pt x 635.97687pt.
File: appendix_pdfs/fit_model_and_save.pdf Graphic file (type pdf)

<use appendix_pdfs/fit_model_and_save.pdf, page 15>
Package pdftex.def Info: appendix_pdfs/fit_model_and_save.pdf, page15 used on i
nput line 214.
(pdftex.def)             Requested size: 491.43666pt x 635.97687pt.
File: appendix_pdfs/fit_model_and_save.pdf Graphic file (type pdf)

<use appendix_pdfs/fit_model_and_save.pdf, page 15>
Package pdftex.def Info: appendix_pdfs/fit_model_and_save.pdf, page15 used on i
nput line 214.
(pdftex.def)             Requested size: 491.43666pt x 635.97687pt.
 [35 <./appendix_pdfs/fit_model_and_save.pdf>]
<appendix_pdfs/fit_model_and_save.pdf, id=906, page=16, 614.295pt x 794.97pt>
File: appendix_pdfs/fit_model_and_save.pdf Graphic file (type pdf)

<use appendix_pdfs/fit_model_and_save.pdf, page 16>
Package pdftex.def Info: appendix_pdfs/fit_model_and_save.pdf, page16 used on i
nput line 214.
(pdftex.def)             Requested size: 491.43666pt x 635.97687pt.
File: appendix_pdfs/fit_model_and_save.pdf Graphic file (type pdf)

<use appendix_pdfs/fit_model_and_save.pdf, page 16>
Package pdftex.def Info: appendix_pdfs/fit_model_and_save.pdf, page16 used on i
nput line 214.
(pdftex.def)             Requested size: 491.43666pt x 635.97687pt.
File: appendix_pdfs/fit_model_and_save.pdf Graphic file (type pdf)

<use appendix_pdfs/fit_model_and_save.pdf, page 16>
Package pdftex.def Info: appendix_pdfs/fit_model_and_save.pdf, page16 used on i
nput line 214.
(pdftex.def)             Requested size: 491.43666pt x 635.97687pt.
 [36 <./appendix_pdfs/fit_model_and_save.pdf>]
<appendix_pdfs/load_and_refit.pdf, id=911, 614.295pt x 794.97pt>
File: appendix_pdfs/load_and_refit.pdf Graphic file (type pdf)

<use appendix_pdfs/load_and_refit.pdf>
Package pdftex.def Info: appendix_pdfs/load_and_refit.pdf used on input line 21
5.
(pdftex.def)             Requested size: 614.29349pt x 794.96806pt.
File: appendix_pdfs/load_and_refit.pdf Graphic file (type pdf)
 <use appendix_pdfs/load_and_refit.pdf>
Package pdftex.def Info: appendix_pdfs/load_and_refit.pdf used on input line 21
5.
(pdftex.def)             Requested size: 614.29349pt x 794.96806pt.

<appendix_pdfs/load_and_refit.pdf, id=914, page=1, 614.295pt x 794.97pt>
File: appendix_pdfs/load_and_refit.pdf Graphic file (type pdf)

<use appendix_pdfs/load_and_refit.pdf, page 1>
Package pdftex.def Info: appendix_pdfs/load_and_refit.pdf, page1 used on input 
line 215.
(pdftex.def)             Requested size: 614.29349pt x 794.96806pt.
File: appendix_pdfs/load_and_refit.pdf Graphic file (type pdf)

<use appendix_pdfs/load_and_refit.pdf, page 1>
Package pdftex.def Info: appendix_pdfs/load_and_refit.pdf, page1 used on input 
line 215.
(pdftex.def)             Requested size: 491.43666pt x 635.97687pt.
File: appendix_pdfs/load_and_refit.pdf Graphic file (type pdf)

<use appendix_pdfs/load_and_refit.pdf, page 1>
Package pdftex.def Info: appendix_pdfs/load_and_refit.pdf, page1 used on input 
line 215.
(pdftex.def)             Requested size: 491.43666pt x 635.97687pt.
File: appendix_pdfs/load_and_refit.pdf Graphic file (type pdf)

<use appendix_pdfs/load_and_refit.pdf, page 1>
Package pdftex.def Info: appendix_pdfs/load_and_refit.pdf, page1 used on input 
line 215.
(pdftex.def)             Requested size: 491.43666pt x 635.97687pt.
File: appendix_pdfs/load_and_refit.pdf Graphic file (type pdf)

<use appendix_pdfs/load_and_refit.pdf, page 1>
Package pdftex.def Info: appendix_pdfs/load_and_refit.pdf, page1 used on input 
line 215.
(pdftex.def)             Requested size: 491.43666pt x 635.97687pt.
 [37 <./appendix_pdfs/load_and_refit.pdf>]
<appendix_pdfs/load_and_refit.pdf, id=1037, page=2, 614.295pt x 794.97pt>
File: appendix_pdfs/load_and_refit.pdf Graphic file (type pdf)

<use appendix_pdfs/load_and_refit.pdf, page 2>
Package pdftex.def Info: appendix_pdfs/load_and_refit.pdf, page2 used on input 
line 215.
(pdftex.def)             Requested size: 491.43666pt x 635.97687pt.
File: appendix_pdfs/load_and_refit.pdf Graphic file (type pdf)

<use appendix_pdfs/load_and_refit.pdf, page 2>
Package pdftex.def Info: appendix_pdfs/load_and_refit.pdf, page2 used on input 
line 215.
(pdftex.def)             Requested size: 491.43666pt x 635.97687pt.
File: appendix_pdfs/load_and_refit.pdf Graphic file (type pdf)

<use appendix_pdfs/load_and_refit.pdf, page 2>
Package pdftex.def Info: appendix_pdfs/load_and_refit.pdf, page2 used on input 
line 215.
(pdftex.def)             Requested size: 491.43666pt x 635.97687pt.
 [38 <./appendix_pdfs/load_and_refit.pdf>]
<appendix_pdfs/load_and_refit.pdf, id=1048, page=3, 614.295pt x 794.97pt>
File: appendix_pdfs/load_and_refit.pdf Graphic file (type pdf)

<use appendix_pdfs/load_and_refit.pdf, page 3>
Package pdftex.def Info: appendix_pdfs/load_and_refit.pdf, page3 used on input 
line 215.
(pdftex.def)             Requested size: 491.43666pt x 635.97687pt.
File: appendix_pdfs/load_and_refit.pdf Graphic file (type pdf)

<use appendix_pdfs/load_and_refit.pdf, page 3>
Package pdftex.def Info: appendix_pdfs/load_and_refit.pdf, page3 used on input 
line 215.
(pdftex.def)             Requested size: 491.43666pt x 635.97687pt.
File: appendix_pdfs/load_and_refit.pdf Graphic file (type pdf)

<use appendix_pdfs/load_and_refit.pdf, page 3>
Package pdftex.def Info: appendix_pdfs/load_and_refit.pdf, page3 used on input 
line 215.
(pdftex.def)             Requested size: 491.43666pt x 635.97687pt.
 [39 <./appendix_pdfs/load_and_refit.pdf>]
<appendix_pdfs/load_and_refit.pdf, id=1053, page=4, 614.295pt x 794.97pt>
File: appendix_pdfs/load_and_refit.pdf Graphic file (type pdf)

<use appendix_pdfs/load_and_refit.pdf, page 4>
Package pdftex.def Info: appendix_pdfs/load_and_refit.pdf, page4 used on input 
line 215.
(pdftex.def)             Requested size: 491.43666pt x 635.97687pt.
File: appendix_pdfs/load_and_refit.pdf Graphic file (type pdf)

<use appendix_pdfs/load_and_refit.pdf, page 4>
Package pdftex.def Info: appendix_pdfs/load_and_refit.pdf, page4 used on input 
line 215.
(pdftex.def)             Requested size: 491.43666pt x 635.97687pt.
File: appendix_pdfs/load_and_refit.pdf Graphic file (type pdf)

<use appendix_pdfs/load_and_refit.pdf, page 4>
Package pdftex.def Info: appendix_pdfs/load_and_refit.pdf, page4 used on input 
line 215.
(pdftex.def)             Requested size: 491.43666pt x 635.97687pt.
 [40 <./appendix_pdfs/load_and_refit.pdf>]
<appendix_pdfs/calculate_prediction_errors.pdf, id=1058, 614.295pt x 794.97pt>
File: appendix_pdfs/calculate_prediction_errors.pdf Graphic file (type pdf)

<use appendix_pdfs/calculate_prediction_errors.pdf>
Package pdftex.def Info: appendix_pdfs/calculate_prediction_errors.pdf used on 
input line 216.
(pdftex.def)             Requested size: 614.29349pt x 794.96806pt.
File: appendix_pdfs/calculate_prediction_errors.pdf Graphic file (type pdf)

<use appendix_pdfs/calculate_prediction_errors.pdf>
Package pdftex.def Info: appendix_pdfs/calculate_prediction_errors.pdf used on 
input line 216.
(pdftex.def)             Requested size: 614.29349pt x 794.96806pt.

<appendix_pdfs/calculate_prediction_errors.pdf, id=1061, page=1, 614.295pt x 79
4.97pt>
File: appendix_pdfs/calculate_prediction_errors.pdf Graphic file (type pdf)
 <use appendix_pdfs/calculate_prediction_errors.pdf, page 1>
Package pdftex.def Info: appendix_pdfs/calculate_prediction_errors.pdf, page1 u
sed on input line 216.
(pdftex.def)             Requested size: 614.29349pt x 794.96806pt.
File: appendix_pdfs/calculate_prediction_errors.pdf Graphic file (type pdf)

<use appendix_pdfs/calculate_prediction_errors.pdf, page 1>
Package pdftex.def Info: appendix_pdfs/calculate_prediction_errors.pdf, page1 u
sed on input line 216.
(pdftex.def)             Requested size: 491.43666pt x 635.97687pt.
File: appendix_pdfs/calculate_prediction_errors.pdf Graphic file (type pdf)

<use appendix_pdfs/calculate_prediction_errors.pdf, page 1>
Package pdftex.def Info: appendix_pdfs/calculate_prediction_errors.pdf, page1 u
sed on input line 216.
(pdftex.def)             Requested size: 491.43666pt x 635.97687pt.
File: appendix_pdfs/calculate_prediction_errors.pdf Graphic file (type pdf)

<use appendix_pdfs/calculate_prediction_errors.pdf, page 1>
Package pdftex.def Info: appendix_pdfs/calculate_prediction_errors.pdf, page1 u
sed on input line 216.
(pdftex.def)             Requested size: 491.43666pt x 635.97687pt.
File: appendix_pdfs/calculate_prediction_errors.pdf Graphic file (type pdf)

<use appendix_pdfs/calculate_prediction_errors.pdf, page 1>
Package pdftex.def Info: appendix_pdfs/calculate_prediction_errors.pdf, page1 u
sed on input line 216.
(pdftex.def)             Requested size: 491.43666pt x 635.97687pt.
 [41 <./appendix_pdfs/calculate_prediction_errors.pdf>]
<appendix_pdfs/calculate_prediction_errors.pdf, id=1193, page=2, 614.295pt x 79
4.97pt>
File: appendix_pdfs/calculate_prediction_errors.pdf Graphic file (type pdf)
 <use appendix_pdfs/calculate_prediction_errors.pdf, page 2>
Package pdftex.def Info: appendix_pdfs/calculate_prediction_errors.pdf, page2 u
sed on input line 216.
(pdftex.def)             Requested size: 491.43666pt x 635.97687pt.
File: appendix_pdfs/calculate_prediction_errors.pdf Graphic file (type pdf)

<use appendix_pdfs/calculate_prediction_errors.pdf, page 2>
Package pdftex.def Info: appendix_pdfs/calculate_prediction_errors.pdf, page2 u
sed on input line 216.
(pdftex.def)             Requested size: 491.43666pt x 635.97687pt.
File: appendix_pdfs/calculate_prediction_errors.pdf Graphic file (type pdf)

<use appendix_pdfs/calculate_prediction_errors.pdf, page 2>
Package pdftex.def Info: appendix_pdfs/calculate_prediction_errors.pdf, page2 u
sed on input line 216.
(pdftex.def)             Requested size: 491.43666pt x 635.97687pt.
 [42 <./appendix_pdfs/calculate_prediction_errors.pdf>]
<appendix_pdfs/calculate_prediction_errors.pdf, id=1209, page=3, 614.295pt x 79
4.97pt>
File: appendix_pdfs/calculate_prediction_errors.pdf Graphic file (type pdf)
 <use appendix_pdfs/calculate_prediction_errors.pdf, page 3>
Package pdftex.def Info: appendix_pdfs/calculate_prediction_errors.pdf, page3 u
sed on input line 216.
(pdftex.def)             Requested size: 491.43666pt x 635.97687pt.
File: appendix_pdfs/calculate_prediction_errors.pdf Graphic file (type pdf)

<use appendix_pdfs/calculate_prediction_errors.pdf, page 3>
Package pdftex.def Info: appendix_pdfs/calculate_prediction_errors.pdf, page3 u
sed on input line 216.
(pdftex.def)             Requested size: 491.43666pt x 635.97687pt.
File: appendix_pdfs/calculate_prediction_errors.pdf Graphic file (type pdf)

<use appendix_pdfs/calculate_prediction_errors.pdf, page 3>
Package pdftex.def Info: appendix_pdfs/calculate_prediction_errors.pdf, page3 u
sed on input line 216.
(pdftex.def)             Requested size: 491.43666pt x 635.97687pt.
 [43 <./appendix_pdfs/calculate_prediction_errors.pdf>]
<appendix_pdfs/calculate_prediction_errors.pdf, id=1218, page=4, 614.295pt x 79
4.97pt>
File: appendix_pdfs/calculate_prediction_errors.pdf Graphic file (type pdf)
 <use appendix_pdfs/calculate_prediction_errors.pdf, page 4>
Package pdftex.def Info: appendix_pdfs/calculate_prediction_errors.pdf, page4 u
sed on input line 216.
(pdftex.def)             Requested size: 491.43666pt x 635.97687pt.
File: appendix_pdfs/calculate_prediction_errors.pdf Graphic file (type pdf)

<use appendix_pdfs/calculate_prediction_errors.pdf, page 4>
Package pdftex.def Info: appendix_pdfs/calculate_prediction_errors.pdf, page4 u
sed on input line 216.
(pdftex.def)             Requested size: 491.43666pt x 635.97687pt.
File: appendix_pdfs/calculate_prediction_errors.pdf Graphic file (type pdf)

<use appendix_pdfs/calculate_prediction_errors.pdf, page 4>
Package pdftex.def Info: appendix_pdfs/calculate_prediction_errors.pdf, page4 u
sed on input line 216.
(pdftex.def)             Requested size: 491.43666pt x 635.97687pt.
 [44 <./appendix_pdfs/calculate_prediction_errors.pdf>]
<appendix_pdfs/calculate_prediction_errors.pdf, id=1243, page=5, 614.295pt x 79
4.97pt>
File: appendix_pdfs/calculate_prediction_errors.pdf Graphic file (type pdf)
 <use appendix_pdfs/calculate_prediction_errors.pdf, page 5>
Package pdftex.def Info: appendix_pdfs/calculate_prediction_errors.pdf, page5 u
sed on input line 216.
(pdftex.def)             Requested size: 491.43666pt x 635.97687pt.
File: appendix_pdfs/calculate_prediction_errors.pdf Graphic file (type pdf)

<use appendix_pdfs/calculate_prediction_errors.pdf, page 5>
Package pdftex.def Info: appendix_pdfs/calculate_prediction_errors.pdf, page5 u
sed on input line 216.
(pdftex.def)             Requested size: 491.43666pt x 635.97687pt.
File: appendix_pdfs/calculate_prediction_errors.pdf Graphic file (type pdf)

<use appendix_pdfs/calculate_prediction_errors.pdf, page 5>
Package pdftex.def Info: appendix_pdfs/calculate_prediction_errors.pdf, page5 u
sed on input line 216.
(pdftex.def)             Requested size: 491.43666pt x 635.97687pt.
 [45 <./appendix_pdfs/calculate_prediction_errors.pdf>]
<appendix_pdfs/calculate_prediction_errors.pdf, id=1248, page=6, 614.295pt x 79
4.97pt>
File: appendix_pdfs/calculate_prediction_errors.pdf Graphic file (type pdf)
 <use appendix_pdfs/calculate_prediction_errors.pdf, page 6>
Package pdftex.def Info: appendix_pdfs/calculate_prediction_errors.pdf, page6 u
sed on input line 216.
(pdftex.def)             Requested size: 491.43666pt x 635.97687pt.
File: appendix_pdfs/calculate_prediction_errors.pdf Graphic file (type pdf)

<use appendix_pdfs/calculate_prediction_errors.pdf, page 6>
Package pdftex.def Info: appendix_pdfs/calculate_prediction_errors.pdf, page6 u
sed on input line 216.
(pdftex.def)             Requested size: 491.43666pt x 635.97687pt.
File: appendix_pdfs/calculate_prediction_errors.pdf Graphic file (type pdf)

<use appendix_pdfs/calculate_prediction_errors.pdf, page 6>
Package pdftex.def Info: appendix_pdfs/calculate_prediction_errors.pdf, page6 u
sed on input line 216.
(pdftex.def)             Requested size: 491.43666pt x 635.97687pt.
 [46 <./appendix_pdfs/calculate_prediction_errors.pdf>]
<appendix_pdfs/calculate_prediction_errors.pdf, id=1255, page=7, 614.295pt x 79
4.97pt>
File: appendix_pdfs/calculate_prediction_errors.pdf Graphic file (type pdf)
 <use appendix_pdfs/calculate_prediction_errors.pdf, page 7>
Package pdftex.def Info: appendix_pdfs/calculate_prediction_errors.pdf, page7 u
sed on input line 216.
(pdftex.def)             Requested size: 491.43666pt x 635.97687pt.
File: appendix_pdfs/calculate_prediction_errors.pdf Graphic file (type pdf)

<use appendix_pdfs/calculate_prediction_errors.pdf, page 7>
Package pdftex.def Info: appendix_pdfs/calculate_prediction_errors.pdf, page7 u
sed on input line 216.
(pdftex.def)             Requested size: 491.43666pt x 635.97687pt.
File: appendix_pdfs/calculate_prediction_errors.pdf Graphic file (type pdf)

<use appendix_pdfs/calculate_prediction_errors.pdf, page 7>
Package pdftex.def Info: appendix_pdfs/calculate_prediction_errors.pdf, page7 u
sed on input line 216.
(pdftex.def)             Requested size: 491.43666pt x 635.97687pt.
 [47 <./appendix_pdfs/calculate_prediction_errors.pdf>]
<appendix_pdfs/calculate_prediction_errors.pdf, id=1262, page=8, 614.295pt x 79
4.97pt>
File: appendix_pdfs/calculate_prediction_errors.pdf Graphic file (type pdf)
 <use appendix_pdfs/calculate_prediction_errors.pdf, page 8>
Package pdftex.def Info: appendix_pdfs/calculate_prediction_errors.pdf, page8 u
sed on input line 216.
(pdftex.def)             Requested size: 491.43666pt x 635.97687pt.
File: appendix_pdfs/calculate_prediction_errors.pdf Graphic file (type pdf)

<use appendix_pdfs/calculate_prediction_errors.pdf, page 8>
Package pdftex.def Info: appendix_pdfs/calculate_prediction_errors.pdf, page8 u
sed on input line 216.
(pdftex.def)             Requested size: 491.43666pt x 635.97687pt.
File: appendix_pdfs/calculate_prediction_errors.pdf Graphic file (type pdf)

<use appendix_pdfs/calculate_prediction_errors.pdf, page 8>
Package pdftex.def Info: appendix_pdfs/calculate_prediction_errors.pdf, page8 u
sed on input line 216.
(pdftex.def)             Requested size: 491.43666pt x 635.97687pt.
 [48 <./appendix_pdfs/calculate_prediction_errors.pdf>]
<appendix_pdfs/calculate_prediction_errors.pdf, id=1269, page=9, 614.295pt x 79
4.97pt>
File: appendix_pdfs/calculate_prediction_errors.pdf Graphic file (type pdf)
 <use appendix_pdfs/calculate_prediction_errors.pdf, page 9>
Package pdftex.def Info: appendix_pdfs/calculate_prediction_errors.pdf, page9 u
sed on input line 216.
(pdftex.def)             Requested size: 491.43666pt x 635.97687pt.
File: appendix_pdfs/calculate_prediction_errors.pdf Graphic file (type pdf)

<use appendix_pdfs/calculate_prediction_errors.pdf, page 9>
Package pdftex.def Info: appendix_pdfs/calculate_prediction_errors.pdf, page9 u
sed on input line 216.
(pdftex.def)             Requested size: 491.43666pt x 635.97687pt.
File: appendix_pdfs/calculate_prediction_errors.pdf Graphic file (type pdf)

<use appendix_pdfs/calculate_prediction_errors.pdf, page 9>
Package pdftex.def Info: appendix_pdfs/calculate_prediction_errors.pdf, page9 u
sed on input line 216.
(pdftex.def)             Requested size: 491.43666pt x 635.97687pt.
 [49 <./appendix_pdfs/calculate_prediction_errors.pdf>]
<appendix_pdfs/calculate_prediction_errors.pdf, id=1277, page=10, 614.295pt x 7
94.97pt>
File: appendix_pdfs/calculate_prediction_errors.pdf Graphic file (type pdf)
 <use appendix_pdfs/calculate_prediction_errors.pdf, page 10>
Package pdftex.def Info: appendix_pdfs/calculate_prediction_errors.pdf, page10 
used on input line 216.
(pdftex.def)             Requested size: 491.43666pt x 635.97687pt.
File: appendix_pdfs/calculate_prediction_errors.pdf Graphic file (type pdf)

<use appendix_pdfs/calculate_prediction_errors.pdf, page 10>
Package pdftex.def Info: appendix_pdfs/calculate_prediction_errors.pdf, page10 
used on input line 216.
(pdftex.def)             Requested size: 491.43666pt x 635.97687pt.
File: appendix_pdfs/calculate_prediction_errors.pdf Graphic file (type pdf)

<use appendix_pdfs/calculate_prediction_errors.pdf, page 10>
Package pdftex.def Info: appendix_pdfs/calculate_prediction_errors.pdf, page10 
used on input line 216.
(pdftex.def)             Requested size: 491.43666pt x 635.97687pt.
 [50 <./appendix_pdfs/calculate_prediction_errors.pdf>]
<appendix_pdfs/calculate_prediction_errors.pdf, id=1288, page=11, 614.295pt x 7
94.97pt>
File: appendix_pdfs/calculate_prediction_errors.pdf Graphic file (type pdf)
 <use appendix_pdfs/calculate_prediction_errors.pdf, page 11>
Package pdftex.def Info: appendix_pdfs/calculate_prediction_errors.pdf, page11 
used on input line 216.
(pdftex.def)             Requested size: 491.43666pt x 635.97687pt.
File: appendix_pdfs/calculate_prediction_errors.pdf Graphic file (type pdf)

<use appendix_pdfs/calculate_prediction_errors.pdf, page 11>
Package pdftex.def Info: appendix_pdfs/calculate_prediction_errors.pdf, page11 
used on input line 216.
(pdftex.def)             Requested size: 491.43666pt x 635.97687pt.
File: appendix_pdfs/calculate_prediction_errors.pdf Graphic file (type pdf)

<use appendix_pdfs/calculate_prediction_errors.pdf, page 11>
Package pdftex.def Info: appendix_pdfs/calculate_prediction_errors.pdf, page11 
used on input line 216.
(pdftex.def)             Requested size: 491.43666pt x 635.97687pt.
 [51 <./appendix_pdfs/calculate_prediction_errors.pdf>]
<appendix_pdfs/examine_and_save_results.pdf, id=1295, 614.295pt x 794.97pt>
File: appendix_pdfs/examine_and_save_results.pdf Graphic file (type pdf)

<use appendix_pdfs/examine_and_save_results.pdf>
Package pdftex.def Info: appendix_pdfs/examine_and_save_results.pdf used on inp
ut line 217.
(pdftex.def)             Requested size: 614.29349pt x 794.96806pt.
File: appendix_pdfs/examine_and_save_results.pdf Graphic file (type pdf)

<use appendix_pdfs/examine_and_save_results.pdf>
Package pdftex.def Info: appendix_pdfs/examine_and_save_results.pdf used on inp
ut line 217.
(pdftex.def)             Requested size: 614.29349pt x 794.96806pt.

<appendix_pdfs/examine_and_save_results.pdf, id=1298, page=1, 614.295pt x 794.9
7pt>
File: appendix_pdfs/examine_and_save_results.pdf Graphic file (type pdf)
 <use appendix_pdfs/examine_and_save_results.pdf, page 1>
Package pdftex.def Info: appendix_pdfs/examine_and_save_results.pdf, page1 used
 on input line 217.
(pdftex.def)             Requested size: 614.29349pt x 794.96806pt.
File: appendix_pdfs/examine_and_save_results.pdf Graphic file (type pdf)

<use appendix_pdfs/examine_and_save_results.pdf, page 1>
Package pdftex.def Info: appendix_pdfs/examine_and_save_results.pdf, page1 used
 on input line 217.
(pdftex.def)             Requested size: 491.43666pt x 635.97687pt.
File: appendix_pdfs/examine_and_save_results.pdf Graphic file (type pdf)

<use appendix_pdfs/examine_and_save_results.pdf, page 1>
Package pdftex.def Info: appendix_pdfs/examine_and_save_results.pdf, page1 used
 on input line 217.
(pdftex.def)             Requested size: 491.43666pt x 635.97687pt.
File: appendix_pdfs/examine_and_save_results.pdf Graphic file (type pdf)

<use appendix_pdfs/examine_and_save_results.pdf, page 1>
Package pdftex.def Info: appendix_pdfs/examine_and_save_results.pdf, page1 used
 on input line 217.
(pdftex.def)             Requested size: 491.43666pt x 635.97687pt.
File: appendix_pdfs/examine_and_save_results.pdf Graphic file (type pdf)

<use appendix_pdfs/examine_and_save_results.pdf, page 1>
Package pdftex.def Info: appendix_pdfs/examine_and_save_results.pdf, page1 used
 on input line 217.
(pdftex.def)             Requested size: 491.43666pt x 635.97687pt.
 [52 <./appendix_pdfs/examine_and_save_results.pdf>]
<appendix_pdfs/examine_and_save_results.pdf, id=1436, page=2, 614.295pt x 794.9
7pt>
File: appendix_pdfs/examine_and_save_results.pdf Graphic file (type pdf)
 <use appendix_pdfs/examine_and_save_results.pdf, page 2>
Package pdftex.def Info: appendix_pdfs/examine_and_save_results.pdf, page2 used
 on input line 217.
(pdftex.def)             Requested size: 491.43666pt x 635.97687pt.
File: appendix_pdfs/examine_and_save_results.pdf Graphic file (type pdf)

<use appendix_pdfs/examine_and_save_results.pdf, page 2>
Package pdftex.def Info: appendix_pdfs/examine_and_save_results.pdf, page2 used
 on input line 217.
(pdftex.def)             Requested size: 491.43666pt x 635.97687pt.
File: appendix_pdfs/examine_and_save_results.pdf Graphic file (type pdf)

<use appendix_pdfs/examine_and_save_results.pdf, page 2>
Package pdftex.def Info: appendix_pdfs/examine_and_save_results.pdf, page2 used
 on input line 217.
(pdftex.def)             Requested size: 491.43666pt x 635.97687pt.
 [53 <./appendix_pdfs/examine_and_save_results.pdf>]
<appendix_pdfs/examine_and_save_results.pdf, id=1446, page=3, 614.295pt x 794.9
7pt>
File: appendix_pdfs/examine_and_save_results.pdf Graphic file (type pdf)
 <use appendix_pdfs/examine_and_save_results.pdf, page 3>
Package pdftex.def Info: appendix_pdfs/examine_and_save_results.pdf, page3 used
 on input line 217.
(pdftex.def)             Requested size: 491.43666pt x 635.97687pt.
File: appendix_pdfs/examine_and_save_results.pdf Graphic file (type pdf)

<use appendix_pdfs/examine_and_save_results.pdf, page 3>
Package pdftex.def Info: appendix_pdfs/examine_and_save_results.pdf, page3 used
 on input line 217.
(pdftex.def)             Requested size: 491.43666pt x 635.97687pt.
File: appendix_pdfs/examine_and_save_results.pdf Graphic file (type pdf)

<use appendix_pdfs/examine_and_save_results.pdf, page 3>
Package pdftex.def Info: appendix_pdfs/examine_and_save_results.pdf, page3 used
 on input line 217.
(pdftex.def)             Requested size: 491.43666pt x 635.97687pt.
 [54 <./appendix_pdfs/examine_and_save_results.pdf>]
<appendix_pdfs/examine_and_save_results.pdf, id=1451, page=4, 614.295pt x 794.9
7pt>
File: appendix_pdfs/examine_and_save_results.pdf Graphic file (type pdf)
 <use appendix_pdfs/examine_and_save_results.pdf, page 4>
Package pdftex.def Info: appendix_pdfs/examine_and_save_results.pdf, page4 used
 on input line 217.
(pdftex.def)             Requested size: 491.43666pt x 635.97687pt.
File: appendix_pdfs/examine_and_save_results.pdf Graphic file (type pdf)

<use appendix_pdfs/examine_and_save_results.pdf, page 4>
Package pdftex.def Info: appendix_pdfs/examine_and_save_results.pdf, page4 used
 on input line 217.
(pdftex.def)             Requested size: 491.43666pt x 635.97687pt.
File: appendix_pdfs/examine_and_save_results.pdf Graphic file (type pdf)

<use appendix_pdfs/examine_and_save_results.pdf, page 4>
Package pdftex.def Info: appendix_pdfs/examine_and_save_results.pdf, page4 used
 on input line 217.
(pdftex.def)             Requested size: 491.43666pt x 635.97687pt.
 [55 <./appendix_pdfs/examine_and_save_results.pdf>]
<appendix_pdfs/examine_and_save_results.pdf, id=1458, page=5, 614.295pt x 794.9
7pt>
File: appendix_pdfs/examine_and_save_results.pdf Graphic file (type pdf)
 <use appendix_pdfs/examine_and_save_results.pdf, page 5>
Package pdftex.def Info: appendix_pdfs/examine_and_save_results.pdf, page5 used
 on input line 217.
(pdftex.def)             Requested size: 491.43666pt x 635.97687pt.
File: appendix_pdfs/examine_and_save_results.pdf Graphic file (type pdf)

<use appendix_pdfs/examine_and_save_results.pdf, page 5>
Package pdftex.def Info: appendix_pdfs/examine_and_save_results.pdf, page5 used
 on input line 217.
(pdftex.def)             Requested size: 491.43666pt x 635.97687pt.
File: appendix_pdfs/examine_and_save_results.pdf Graphic file (type pdf)

<use appendix_pdfs/examine_and_save_results.pdf, page 5>
Package pdftex.def Info: appendix_pdfs/examine_and_save_results.pdf, page5 used
 on input line 217.
(pdftex.def)             Requested size: 491.43666pt x 635.97687pt.
 [56 <./appendix_pdfs/examine_and_save_results.pdf>]
<appendix_pdfs/examine_and_save_results.pdf, id=1463, page=6, 614.295pt x 794.9
7pt>
File: appendix_pdfs/examine_and_save_results.pdf Graphic file (type pdf)
 <use appendix_pdfs/examine_and_save_results.pdf, page 6>
Package pdftex.def Info: appendix_pdfs/examine_and_save_results.pdf, page6 used
 on input line 217.
(pdftex.def)             Requested size: 491.43666pt x 635.97687pt.
File: appendix_pdfs/examine_and_save_results.pdf Graphic file (type pdf)

<use appendix_pdfs/examine_and_save_results.pdf, page 6>
Package pdftex.def Info: appendix_pdfs/examine_and_save_results.pdf, page6 used
 on input line 217.
(pdftex.def)             Requested size: 491.43666pt x 635.97687pt.
File: appendix_pdfs/examine_and_save_results.pdf Graphic file (type pdf)

<use appendix_pdfs/examine_and_save_results.pdf, page 6>
Package pdftex.def Info: appendix_pdfs/examine_and_save_results.pdf, page6 used
 on input line 217.
(pdftex.def)             Requested size: 491.43666pt x 635.97687pt.
 [57 <./appendix_pdfs/examine_and_save_results.pdf>]
<appendix_pdfs/examine_and_save_results.pdf, id=1470, page=7, 614.295pt x 794.9
7pt>
File: appendix_pdfs/examine_and_save_results.pdf Graphic file (type pdf)
 <use appendix_pdfs/examine_and_save_results.pdf, page 7>
Package pdftex.def Info: appendix_pdfs/examine_and_save_results.pdf, page7 used
 on input line 217.
(pdftex.def)             Requested size: 491.43666pt x 635.97687pt.
File: appendix_pdfs/examine_and_save_results.pdf Graphic file (type pdf)

<use appendix_pdfs/examine_and_save_results.pdf, page 7>
Package pdftex.def Info: appendix_pdfs/examine_and_save_results.pdf, page7 used
 on input line 217.
(pdftex.def)             Requested size: 491.43666pt x 635.97687pt.
File: appendix_pdfs/examine_and_save_results.pdf Graphic file (type pdf)

<use appendix_pdfs/examine_and_save_results.pdf, page 7>
Package pdftex.def Info: appendix_pdfs/examine_and_save_results.pdf, page7 used
 on input line 217.
(pdftex.def)             Requested size: 491.43666pt x 635.97687pt.
 [58 <./appendix_pdfs/examine_and_save_results.pdf>]
<appendix_pdfs/examine_and_save_results.pdf, id=1475, page=8, 614.295pt x 794.9
7pt>
File: appendix_pdfs/examine_and_save_results.pdf Graphic file (type pdf)
 <use appendix_pdfs/examine_and_save_results.pdf, page 8>
Package pdftex.def Info: appendix_pdfs/examine_and_save_results.pdf, page8 used
 on input line 217.
(pdftex.def)             Requested size: 491.43666pt x 635.97687pt.
File: appendix_pdfs/examine_and_save_results.pdf Graphic file (type pdf)

<use appendix_pdfs/examine_and_save_results.pdf, page 8>
Package pdftex.def Info: appendix_pdfs/examine_and_save_results.pdf, page8 used
 on input line 217.
(pdftex.def)             Requested size: 491.43666pt x 635.97687pt.
File: appendix_pdfs/examine_and_save_results.pdf Graphic file (type pdf)

<use appendix_pdfs/examine_and_save_results.pdf, page 8>
Package pdftex.def Info: appendix_pdfs/examine_and_save_results.pdf, page8 used
 on input line 217.
(pdftex.def)             Requested size: 491.43666pt x 635.97687pt.
 [59 <./appendix_pdfs/examine_and_save_results.pdf>]
<appendix_pdfs/examine_and_save_results.pdf, id=1480, page=9, 614.295pt x 794.9
7pt>
File: appendix_pdfs/examine_and_save_results.pdf Graphic file (type pdf)
 <use appendix_pdfs/examine_and_save_results.pdf, page 9>
Package pdftex.def Info: appendix_pdfs/examine_and_save_results.pdf, page9 used
 on input line 217.
(pdftex.def)             Requested size: 491.43666pt x 635.97687pt.
File: appendix_pdfs/examine_and_save_results.pdf Graphic file (type pdf)

<use appendix_pdfs/examine_and_save_results.pdf, page 9>
Package pdftex.def Info: appendix_pdfs/examine_and_save_results.pdf, page9 used
 on input line 217.
(pdftex.def)             Requested size: 491.43666pt x 635.97687pt.
File: appendix_pdfs/examine_and_save_results.pdf Graphic file (type pdf)

<use appendix_pdfs/examine_and_save_results.pdf, page 9>
Package pdftex.def Info: appendix_pdfs/examine_and_save_results.pdf, page9 used
 on input line 217.
(pdftex.def)             Requested size: 491.43666pt x 635.97687pt.
 [60 <./appendix_pdfs/examine_and_save_results.pdf>]
<appendix_pdfs/examine_and_save_results.pdf, id=1486, page=10, 614.295pt x 794.
97pt>
File: appendix_pdfs/examine_and_save_results.pdf Graphic file (type pdf)
 <use appendix_pdfs/examine_and_save_results.pdf, page 10>
Package pdftex.def Info: appendix_pdfs/examine_and_save_results.pdf, page10 use
d on input line 217.
(pdftex.def)             Requested size: 491.43666pt x 635.97687pt.
File: appendix_pdfs/examine_and_save_results.pdf Graphic file (type pdf)

<use appendix_pdfs/examine_and_save_results.pdf, page 10>
Package pdftex.def Info: appendix_pdfs/examine_and_save_results.pdf, page10 use
d on input line 217.
(pdftex.def)             Requested size: 491.43666pt x 635.97687pt.
File: appendix_pdfs/examine_and_save_results.pdf Graphic file (type pdf)

<use appendix_pdfs/examine_and_save_results.pdf, page 10>
Package pdftex.def Info: appendix_pdfs/examine_and_save_results.pdf, page10 use
d on input line 217.
(pdftex.def)             Requested size: 491.43666pt x 635.97687pt.
 [61 <./appendix_pdfs/examine_and_save_results.pdf>]
<appendix_pdfs/examine_and_save_results.pdf, id=1492, page=11, 614.295pt x 794.
97pt>
File: appendix_pdfs/examine_and_save_results.pdf Graphic file (type pdf)
 <use appendix_pdfs/examine_and_save_results.pdf, page 11>
Package pdftex.def Info: appendix_pdfs/examine_and_save_results.pdf, page11 use
d on input line 217.
(pdftex.def)             Requested size: 491.43666pt x 635.97687pt.
File: appendix_pdfs/examine_and_save_results.pdf Graphic file (type pdf)

<use appendix_pdfs/examine_and_save_results.pdf, page 11>
Package pdftex.def Info: appendix_pdfs/examine_and_save_results.pdf, page11 use
d on input line 217.
(pdftex.def)             Requested size: 491.43666pt x 635.97687pt.
File: appendix_pdfs/examine_and_save_results.pdf Graphic file (type pdf)

<use appendix_pdfs/examine_and_save_results.pdf, page 11>
Package pdftex.def Info: appendix_pdfs/examine_and_save_results.pdf, page11 use
d on input line 217.
(pdftex.def)             Requested size: 491.43666pt x 635.97687pt.
 [62 <./appendix_pdfs/examine_and_save_results.pdf>]
<appendix_pdfs/examine_and_save_results.pdf, id=1498, page=12, 614.295pt x 794.
97pt>
File: appendix_pdfs/examine_and_save_results.pdf Graphic file (type pdf)
 <use appendix_pdfs/examine_and_save_results.pdf, page 12>
Package pdftex.def Info: appendix_pdfs/examine_and_save_results.pdf, page12 use
d on input line 217.
(pdftex.def)             Requested size: 491.43666pt x 635.97687pt.
File: appendix_pdfs/examine_and_save_results.pdf Graphic file (type pdf)

<use appendix_pdfs/examine_and_save_results.pdf, page 12>
Package pdftex.def Info: appendix_pdfs/examine_and_save_results.pdf, page12 use
d on input line 217.
(pdftex.def)             Requested size: 491.43666pt x 635.97687pt.
File: appendix_pdfs/examine_and_save_results.pdf Graphic file (type pdf)

<use appendix_pdfs/examine_and_save_results.pdf, page 12>
Package pdftex.def Info: appendix_pdfs/examine_and_save_results.pdf, page12 use
d on input line 217.
(pdftex.def)             Requested size: 491.43666pt x 635.97687pt.
 [63 <./appendix_pdfs/examine_and_save_results.pdf>]
Package atveryend Info: Empty hook `BeforeClearDocument' on input line 219.
Package atveryend Info: Empty hook `AfterLastShipout' on input line 219.
 (./main.aux)
Package atveryend Info: Executing hook `AtVeryEndDocument' on input line 219.
Package atveryend Info: Executing hook `AtEndAfterFileList' on input line 219.
Package rerunfilecheck Info: File `main.out' has not changed.
(rerunfilecheck)             Checksum: E78A32F55CDCA5F24CA77A3BA63E1BCD;963.
 ) 
Here is how much of TeX's memory you used:
 23108 strings out of 494910
 419288 string characters out of 6179835
 516575 words of memory out of 5000000
 25810 multiletter control sequences out of 15000+600000
 18495 words of font info for 121 fonts, out of 8000000 for 9000
 36 hyphenation exceptions out of 8191
 41i,19n,51p,10376b,899s stack positions out of 5000i,500n,10000p,200000b,80000s
</usr/share/texlive/texmf-dist/fonts/type1/public/amsfonts/cm/cmbx10.pfb></us
r/share/texlive/texmf-dist/fonts/type1/public/amsfonts/cm/cmbx12.pfb></usr/shar
e/texlive/texmf-dist/fonts/type1/public/amsfonts/cm/cmbx9.pfb></usr/share/texli
ve/texmf-dist/fonts/type1/public/amsfonts/cm/cmex10.pfb></usr/share/texlive/tex
mf-dist/fonts/type1/public/amsfonts/cm/cmmi10.pfb></usr/share/texlive/texmf-dis
t/fonts/type1/public/amsfonts/cm/cmmi5.pfb></usr/share/texlive/texmf-dist/fonts
/type1/public/amsfonts/cm/cmmi7.pfb></usr/share/texlive/texmf-dist/fonts/type1/
public/amsfonts/cm/cmr10.pfb></usr/share/texlive/texmf-dist/fonts/type1/public/
amsfonts/cm/cmr5.pfb></usr/share/texlive/texmf-dist/fonts/type1/public/amsfonts
/cm/cmr6.pfb></usr/share/texlive/texmf-dist/fonts/type1/public/amsfonts/cm/cmr7
.pfb></usr/share/texlive/texmf-dist/fonts/type1/public/amsfonts/cm/cmr9.pfb></u
sr/share/texlive/texmf-dist/fonts/type1/public/amsfonts/cm/cmsy10.pfb></usr/sha
re/texlive/texmf-dist/fonts/type1/public/amsfonts/cm/cmsy5.pfb></usr/share/texl
ive/texmf-dist/fonts/type1/public/amsfonts/cm/cmsy7.pfb></usr/share/texlive/tex
mf-dist/fonts/type1/public/amsfonts/cm/cmti10.pfb></usr/share/texlive/texmf-dis
t/fonts/type1/public/amsfonts/cm/cmti7.pfb></usr/share/texlive/texmf-dist/fonts
/type1/public/amsfonts/cm/cmtt10.pfb></usr/share/texlive/texmf-dist/fonts/type1
/public/mathpazo/fplmbb.pfb></usr/share/texlive/texmf-dist/fonts/type1/public/m
athpazo/fplmr.pfb></usr/share/texlive/texmf-dist/fonts/type1/public/mathpazo/fp
lmri.pfb></usr/share/texlive/texmf-dist/fonts/type1/public/amsfonts/symbols/msb
m10.pfb></usr/share/texlive/texmf-dist/fonts/type1/urw/palatino/uplb8a.pfb></us
r/share/texlive/texmf-dist/fonts/type1/urw/palatino/uplr8a.pfb></usr/share/texl
ive/texmf-dist/fonts/type1/urw/palatino/uplri8a.pfb>
Output written on main.pdf (63 pages, 2414174 bytes).
PDF statistics:
 1600 PDF objects out of 1728 (max. 8388607)
 854 compressed objects within 9 object streams
 144 named destinations out of 1000 (max. 500000)
 21928 words of extra memory for PDF output out of 24883 (max. 10000000)

